<?xml version="1.0" encoding="UTF-8"?>
<testsuite name="mangmae.harpseal.HarpsealApplicationTests" tests="1" skipped="0" failures="0" errors="0" timestamp="2023-12-28T09:44:39" hostname="Jaehoonui-MacBookAir.local" time="0.264">
  <properties/>
  <testcase name="contextLoads()" classname="mangmae.harpseal.HarpsealApplicationTests" time="0.264"/>
  <system-out><![CDATA[18:44:36.941 [Test worker] INFO org.springframework.test.context.support.AnnotationConfigContextLoaderUtils -- Could not detect default configuration classes for test class [mangmae.harpseal.HarpsealApplicationTests]: HarpsealApplicationTests does not declare any static, non-private, non-final, nested classes annotated with @Configuration.
18:44:36.993 [Test worker] INFO org.springframework.boot.test.context.SpringBootTestContextBootstrapper -- Found @SpringBootConfiguration mangmae.harpseal.HarpsealApplication for test class mangmae.harpseal.HarpsealApplicationTests

  .   ____          _            __ _ _
 /\\ / ___'_ __ _ _(_)_ __  __ _ \ \ \ \
( ( )\___ | '_ | '_| | '_ \/ _` | \ \ \ \
 \\/  ___)| |_)| | | | | || (_| |  ) ) ) )
  '  |____| .__|_| |_|_| |_\__, | / / / /
 =========|_|==============|___/=/_/_/_/
 :: Spring Boot ::                (v3.2.0)

2023-12-28T18:44:37.143+09:00  INFO 61464 --- [    Test worker] m.harpseal.HarpsealApplicationTests      : Starting HarpsealApplicationTests using Java 17.0.6 with PID 61464 (started by jaehoonso in /Users/jaehoonso/projects/harpseal-backend)
2023-12-28T18:44:37.144+09:00  INFO 61464 --- [    Test worker] m.harpseal.HarpsealApplicationTests      : The following 2 profiles are active: "aws", "test"
2023-12-28T18:44:37.432+09:00  INFO 61464 --- [    Test worker] .s.d.r.c.RepositoryConfigurationDelegate : Bootstrapping Spring Data JPA repositories in DEFAULT mode.
2023-12-28T18:44:37.468+09:00  INFO 61464 --- [    Test worker] .s.d.r.c.RepositoryConfigurationDelegate : Finished Spring Data repository scanning in 33 ms. Found 6 JPA repository interfaces.
2023-12-28T18:44:37.659+09:00  INFO 61464 --- [    Test worker] o.hibernate.jpa.internal.util.LogHelper  : HHH000204: Processing PersistenceUnitInfo [name: default]
2023-12-28T18:44:37.678+09:00  INFO 61464 --- [    Test worker] org.hibernate.Version                    : HHH000412: Hibernate ORM core version 6.3.1.Final
2023-12-28T18:44:37.694+09:00  INFO 61464 --- [    Test worker] o.h.c.internal.RegionFactoryInitiator    : HHH000026: Second-level cache disabled
2023-12-28T18:44:37.791+09:00  INFO 61464 --- [    Test worker] o.s.o.j.p.SpringPersistenceUnitInfo      : No LoadTimeWeaver setup: ignoring JPA class transformer
2023-12-28T18:44:37.801+09:00  INFO 61464 --- [    Test worker] com.zaxxer.hikari.HikariDataSource       : HikariPool-1 - Starting...
2023-12-28T18:44:38.076+09:00  INFO 61464 --- [    Test worker] com.zaxxer.hikari.pool.HikariPool        : HikariPool-1 - Added connection com.mysql.cj.jdbc.ConnectionImpl@120411ec
2023-12-28T18:44:38.077+09:00  INFO 61464 --- [    Test worker] com.zaxxer.hikari.HikariDataSource       : HikariPool-1 - Start completed.
2023-12-28T18:44:38.536+09:00  INFO 61464 --- [    Test worker] o.h.e.t.j.p.i.JtaPlatformInitiator       : HHH000489: No JTA platform available (set 'hibernate.transaction.jta.platform' to enable JTA platform integration)
2023-12-28T18:44:38.796+09:00  INFO 61464 --- [    Test worker] j.LocalContainerEntityManagerFactoryBean : Initialized JPA EntityManagerFactory for persistence unit 'default'
2023-12-28T18:44:39.359+09:00  INFO 61464 --- [    Test worker] m.harpseal.HarpsealApplicationTests      : Started HarpsealApplicationTests in 2.311 seconds (process running for 2.786)
]]></system-out>
  <system-err><![CDATA[]]></system-err>
</testsuite>
