<?xml version="1.0" encoding="UTF-8"?>
<testsuite name="mangmae.harpseal.HarpsealApplicationTests" tests="1" skipped="0" failures="0" errors="0" timestamp="2023-12-27T10:57:30" hostname="Jaehoonui-MacBookAir.local" time="0.268">
  <properties/>
  <testcase name="contextLoads()" classname="mangmae.harpseal.HarpsealApplicationTests" time="0.268"/>
  <system-out><![CDATA[19:57:28.311 [Test worker] INFO org.springframework.test.context.support.AnnotationConfigContextLoaderUtils -- Could not detect default configuration classes for test class [mangmae.harpseal.HarpsealApplicationTests]: HarpsealApplicationTests does not declare any static, non-private, non-final, nested classes annotated with @Configuration.
19:57:28.361 [Test worker] INFO org.springframework.boot.test.context.SpringBootTestContextBootstrapper -- Found @SpringBootConfiguration mangmae.harpseal.HarpsealApplication for test class mangmae.harpseal.HarpsealApplicationTests

  .   ____          _            __ _ _
 /\\ / ___'_ __ _ _(_)_ __  __ _ \ \ \ \
( ( )\___ | '_ | '_| | '_ \/ _` | \ \ \ \
 \\/  ___)| |_)| | | | | || (_| |  ) ) ) )
  '  |____| .__|_| |_|_| |_\__, | / / / /
 =========|_|==============|___/=/_/_/_/
 :: Spring Boot ::                (v3.2.0)

2023-12-27T19:57:28.521+09:00  INFO 35325 --- [    Test worker] m.harpseal.HarpsealApplicationTests      : Starting HarpsealApplicationTests using Java 17.0.6 with PID 35325 (started by jaehoonso in /Users/jaehoonso/projects/harpseal-backend)
2023-12-27T19:57:28.523+09:00  INFO 35325 --- [    Test worker] m.harpseal.HarpsealApplicationTests      : The following 2 profiles are active: "aws", "test"
2023-12-27T19:57:28.810+09:00  INFO 35325 --- [    Test worker] .s.d.r.c.RepositoryConfigurationDelegate : Bootstrapping Spring Data JPA repositories in DEFAULT mode.
2023-12-27T19:57:28.849+09:00  INFO 35325 --- [    Test worker] .s.d.r.c.RepositoryConfigurationDelegate : Finished Spring Data repository scanning in 36 ms. Found 6 JPA repository interfaces.
2023-12-27T19:57:29.046+09:00  INFO 35325 --- [    Test worker] o.hibernate.jpa.internal.util.LogHelper  : HHH000204: Processing PersistenceUnitInfo [name: default]
2023-12-27T19:57:29.066+09:00  INFO 35325 --- [    Test worker] org.hibernate.Version                    : HHH000412: Hibernate ORM core version 6.3.1.Final
2023-12-27T19:57:29.080+09:00  INFO 35325 --- [    Test worker] o.h.c.internal.RegionFactoryInitiator    : HHH000026: Second-level cache disabled
2023-12-27T19:57:29.171+09:00  INFO 35325 --- [    Test worker] o.s.o.j.p.SpringPersistenceUnitInfo      : No LoadTimeWeaver setup: ignoring JPA class transformer
2023-12-27T19:57:29.181+09:00  INFO 35325 --- [    Test worker] com.zaxxer.hikari.HikariDataSource       : HikariPool-1 - Starting...
2023-12-27T19:57:29.452+09:00  INFO 35325 --- [    Test worker] com.zaxxer.hikari.pool.HikariPool        : HikariPool-1 - Added connection com.mysql.cj.jdbc.ConnectionImpl@4d825dbe
2023-12-27T19:57:29.453+09:00  INFO 35325 --- [    Test worker] com.zaxxer.hikari.HikariDataSource       : HikariPool-1 - Start completed.
2023-12-27T19:57:29.901+09:00  INFO 35325 --- [    Test worker] o.h.e.t.j.p.i.JtaPlatformInitiator       : HHH000489: No JTA platform available (set 'hibernate.transaction.jta.platform' to enable JTA platform integration)
2023-12-27T19:57:30.240+09:00  INFO 35325 --- [    Test worker] j.LocalContainerEntityManagerFactoryBean : Initialized JPA EntityManagerFactory for persistence unit 'default'
2023-12-27T19:57:30.796+09:00  INFO 35325 --- [    Test worker] m.harpseal.HarpsealApplicationTests      : Started HarpsealApplicationTests in 2.376 seconds (process running for 2.872)
]]></system-out>
  <system-err><![CDATA[]]></system-err>
</testsuite>
