<?xml version="1.0" encoding="UTF-8"?>
<testsuite name="mangmae.harpseal.domain.quiz.api.QuizControllerTest" tests="2" skipped="0" failures="0" errors="0" timestamp="2023-12-26T17:23:42" hostname="Jaehoonui-MacBookAir.local" time="0.653">
  <properties/>
  <testcase name="단일 퀴즈 조회 응답테스트" classname="mangmae.harpseal.domain.quiz.api.QuizControllerTest" time="0.435"/>
  <testcase name="퀴즈 목록 조회" classname="mangmae.harpseal.domain.quiz.api.QuizControllerTest" time="0.217"/>
  <system-out><![CDATA[2023-12-27T02:23:41.646+09:00  INFO 9806 --- [    Test worker] t.c.s.AnnotationConfigContextLoaderUtils : Could not detect default configuration classes for test class [mangmae.harpseal.domain.quiz.api.QuizControllerTest]: QuizControllerTest does not declare any static, non-private, non-final, nested classes annotated with @Configuration.
2023-12-27T02:23:41.654+09:00  INFO 9806 --- [    Test worker] .b.t.c.SpringBootTestContextBootstrapper : Found @SpringBootConfiguration mangmae.harpseal.HarpsealApplication for test class mangmae.harpseal.domain.quiz.api.QuizControllerTest

  .   ____          _            __ _ _
 /\\ / ___'_ __ _ _(_)_ __  __ _ \ \ \ \
( ( )\___ | '_ | '_| | '_ \/ _` | \ \ \ \
 \\/  ___)| |_)| | | | | || (_| |  ) ) ) )
  '  |____| .__|_| |_|_| |_\__, | / / / /
 =========|_|==============|___/=/_/_/_/
 :: Spring Boot ::                (v3.2.0)

2023-12-27T02:23:41.663+09:00  INFO 9806 --- [    Test worker] m.h.domain.quiz.api.QuizControllerTest   : Starting QuizControllerTest using Java 17.0.6 with PID 9806 (started by jaehoonso in /Users/jaehoonso/projects/harpseal-backend)
2023-12-27T02:23:41.663+09:00  INFO 9806 --- [    Test worker] m.h.domain.quiz.api.QuizControllerTest   : The following 2 profiles are active: "aws", "test"
2023-12-27T02:23:41.722+09:00  INFO 9806 --- [    Test worker] .s.d.r.c.RepositoryConfigurationDelegate : Bootstrapping Spring Data JPA repositories in DEFAULT mode.
2023-12-27T02:23:41.731+09:00  INFO 9806 --- [    Test worker] .s.d.r.c.RepositoryConfigurationDelegate : Finished Spring Data repository scanning in 9 ms. Found 6 JPA repository interfaces.
2023-12-27T02:23:41.766+09:00  INFO 9806 --- [    Test worker] o.hibernate.jpa.internal.util.LogHelper  : HHH000204: Processing PersistenceUnitInfo [name: default]
2023-12-27T02:23:41.767+09:00  INFO 9806 --- [    Test worker] o.h.c.internal.RegionFactoryInitiator    : HHH000026: Second-level cache disabled
2023-12-27T02:23:41.769+09:00  INFO 9806 --- [    Test worker] o.s.o.j.p.SpringPersistenceUnitInfo      : No LoadTimeWeaver setup: ignoring JPA class transformer
2023-12-27T02:23:41.769+09:00  INFO 9806 --- [    Test worker] com.zaxxer.hikari.HikariDataSource       : HikariPool-3 - Starting...
2023-12-27T02:23:41.888+09:00  INFO 9806 --- [    Test worker] com.zaxxer.hikari.pool.HikariPool        : HikariPool-3 - Added connection com.mysql.cj.jdbc.ConnectionImpl@2aa143ba
2023-12-27T02:23:41.888+09:00  INFO 9806 --- [    Test worker] com.zaxxer.hikari.HikariDataSource       : HikariPool-3 - Start completed.
2023-12-27T02:23:41.938+09:00  INFO 9806 --- [    Test worker] o.h.e.t.j.p.i.JtaPlatformInitiator       : HHH000489: No JTA platform available (set 'hibernate.transaction.jta.platform' to enable JTA platform integration)
2023-12-27T02:23:42.256+09:00  INFO 9806 --- [    Test worker] j.LocalContainerEntityManagerFactoryBean : Initialized JPA EntityManagerFactory for persistence unit 'default'
2023-12-27T02:23:42.399+09:00  INFO 9806 --- [    Test worker] o.s.b.t.m.w.SpringBootMockServletContext : Initializing Spring TestDispatcherServlet ''
2023-12-27T02:23:42.399+09:00  INFO 9806 --- [    Test worker] o.s.t.web.servlet.TestDispatcherServlet  : Initializing Servlet ''
2023-12-27T02:23:42.399+09:00  INFO 9806 --- [    Test worker] o.s.t.web.servlet.TestDispatcherServlet  : Completed initialization in 0 ms
2023-12-27T02:23:42.402+09:00  INFO 9806 --- [    Test worker] m.h.domain.quiz.api.QuizControllerTest   : Started QuizControllerTest in 0.747 seconds (process running for 4.951)
2023-12-27T02:23:42.415+09:00 DEBUG 9806 --- [    Test worker] org.hibernate.SQL                        : 
    /* insert for
        mangmae.harpseal.global.entity.Quiz */insert 
    into
        quiz (created_date, description, like_count, password, play_time, title) 
    values
        (?, ?, ?, ?, ?, ?)
2023-12-27T02:23:42.426+09:00 DEBUG 9806 --- [    Test worker] org.hibernate.SQL                        : 
    /* insert for
        mangmae.harpseal.global.entity.MultipleQuestionChoice */insert 
    into
        multiple_question_choice (content, number, question_id) 
    values
        (?, ?, ?)
2023-12-27T02:23:42.434+09:00 DEBUG 9806 --- [    Test worker] org.hibernate.SQL                        : 
    /* insert for
        mangmae.harpseal.global.entity.MultipleQuestionChoice */insert 
    into
        multiple_question_choice (content, number, question_id) 
    values
        (?, ?, ?)
2023-12-27T02:23:42.444+09:00 DEBUG 9806 --- [    Test worker] org.hibernate.SQL                        : 
    /* insert for
        mangmae.harpseal.global.entity.MultipleQuestionChoice */insert 
    into
        multiple_question_choice (content, number, question_id) 
    values
        (?, ?, ?)
2023-12-27T02:23:42.453+09:00 DEBUG 9806 --- [    Test worker] org.hibernate.SQL                        : 
    /* insert for
        mangmae.harpseal.global.entity.MultipleQuestionChoice */insert 
    into
        multiple_question_choice (content, number, question_id) 
    values
        (?, ?, ?)
2023-12-27T02:23:42.464+09:00 DEBUG 9806 --- [    Test worker] org.hibernate.SQL                        : 
    /* insert for
        mangmae.harpseal.global.entity.MultipleQuestionChoice */insert 
    into
        multiple_question_choice (content, number, question_id) 
    values
        (?, ?, ?)
2023-12-27T02:23:42.473+09:00 DEBUG 9806 --- [    Test worker] org.hibernate.SQL                        : 
    /* insert for
        mangmae.harpseal.global.entity.Question */insert 
    into
        question (answer, content, number, question_type, quiz_id) 
    values
        (?, ?, ?, ?, ?)
2023-12-27T02:23:42.666+09:00 DEBUG 9806 --- [    Test worker] org.hibernate.SQL                        : 
    /* select
        quiz.id,
        quiz.title,
        quiz.description,
        quizThumbnail.filePath as thumbnailPath,
        quiz.likeCount,
        quiz.playTime 
    from
        Quiz quiz   
    left join
        quiz.thumbnail as quizThumbnail 
    where
        quiz.id = ?1 */ select
            q1_0.quiz_id,
            q1_0.title,
            q1_0.description,
            t1_0.file_path,
            q1_0.like_count,
            q1_0.play_time 
        from
            quiz q1_0 
        left join
            quiz_thumbnail t1_0 
                on q1_0.quiz_id=t1_0.quiz_id 
        where
            q1_0.quiz_id=?
2023-12-27T02:23:42.688+09:00 DEBUG 9806 --- [    Test worker] org.hibernate.SQL                        : 
    /* update
        for mangmae.harpseal.global.entity.MultipleQuestionChoice */update multiple_question_choice 
    set
        content=?,
        number=?,
        question_id=? 
    where
        choice_id=?
2023-12-27T02:23:42.700+09:00 DEBUG 9806 --- [    Test worker] org.hibernate.SQL                        : 
    /* update
        for mangmae.harpseal.global.entity.MultipleQuestionChoice */update multiple_question_choice 
    set
        content=?,
        number=?,
        question_id=? 
    where
        choice_id=?
2023-12-27T02:23:42.710+09:00 DEBUG 9806 --- [    Test worker] org.hibernate.SQL                        : 
    /* update
        for mangmae.harpseal.global.entity.MultipleQuestionChoice */update multiple_question_choice 
    set
        content=?,
        number=?,
        question_id=? 
    where
        choice_id=?
2023-12-27T02:23:42.720+09:00 DEBUG 9806 --- [    Test worker] org.hibernate.SQL                        : 
    /* update
        for mangmae.harpseal.global.entity.MultipleQuestionChoice */update multiple_question_choice 
    set
        content=?,
        number=?,
        question_id=? 
    where
        choice_id=?
2023-12-27T02:23:42.729+09:00 DEBUG 9806 --- [    Test worker] org.hibernate.SQL                        : 
    /* update
        for mangmae.harpseal.global.entity.MultipleQuestionChoice */update multiple_question_choice 
    set
        content=?,
        number=?,
        question_id=? 
    where
        choice_id=?
2023-12-27T02:23:42.740+09:00 DEBUG 9806 --- [    Test worker] org.hibernate.SQL                        : 
    /* update
        for mangmae.harpseal.global.entity.Question */update question 
    set
        answer=?,
        content=?,
        number=?,
        question_type=?,
        quiz_id=? 
    where
        question_id=?
2023-12-27T02:23:42.752+09:00 DEBUG 9806 --- [    Test worker] org.hibernate.SQL                        : 
    /* select
        question.id,
        question.content,
        question.number,
        question.answer,
        question.questionType as type,
        question.attachment.filePath 
    from
        Question question   
    left join
        question.attachment as attachment 
    where
        question.quiz.id = ?1 
    order by
        question.number asc */ select
            q1_0.question_id,
            q1_0.content,
            q1_0.number,
            q1_0.answer,
            q1_0.question_type,
            a1_0.file_path 
        from
            question q1_0 
        left join
            attachment a1_0 
                on q1_0.question_id=a1_0.question_id 
        where
            q1_0.quiz_id=? 
        order by
            q1_0.number
2023-12-27T02:23:42.772+09:00 DEBUG 9806 --- [    Test worker] org.hibernate.SQL                        : 
    /* select
        multipleQuestionChoice.question.id as questionId,
        multipleQuestionChoice.number,
        multipleQuestionChoice.content 
    from
        MultipleQuestionChoice multipleQuestionChoice 
    where
        multipleQuestionChoice.question.id = ?1 
    order by
        multipleQuestionChoice.number asc */ select
            mqc1_0.question_id,
            mqc1_0.number,
            mqc1_0.content 
        from
            multiple_question_choice mqc1_0 
        where
            mqc1_0.question_id=? 
        order by
            mqc1_0.number
2023-12-27T02:23:42.849+09:00 DEBUG 9806 --- [    Test worker] org.hibernate.SQL                        : 
    /* insert for
        mangmae.harpseal.global.entity.Quiz */insert 
    into
        quiz (created_date, description, like_count, password, play_time, title) 
    values
        (?, ?, ?, ?, ?, ?)
2023-12-27T02:23:42.862+09:00 DEBUG 9806 --- [    Test worker] org.hibernate.SQL                        : 
    /* insert for
        mangmae.harpseal.global.entity.MultipleQuestionChoice */insert 
    into
        multiple_question_choice (content, number, question_id) 
    values
        (?, ?, ?)
2023-12-27T02:23:42.872+09:00 DEBUG 9806 --- [    Test worker] org.hibernate.SQL                        : 
    /* insert for
        mangmae.harpseal.global.entity.MultipleQuestionChoice */insert 
    into
        multiple_question_choice (content, number, question_id) 
    values
        (?, ?, ?)
2023-12-27T02:23:42.882+09:00 DEBUG 9806 --- [    Test worker] org.hibernate.SQL                        : 
    /* insert for
        mangmae.harpseal.global.entity.MultipleQuestionChoice */insert 
    into
        multiple_question_choice (content, number, question_id) 
    values
        (?, ?, ?)
2023-12-27T02:23:42.890+09:00 DEBUG 9806 --- [    Test worker] org.hibernate.SQL                        : 
    /* insert for
        mangmae.harpseal.global.entity.MultipleQuestionChoice */insert 
    into
        multiple_question_choice (content, number, question_id) 
    values
        (?, ?, ?)
2023-12-27T02:23:42.901+09:00 DEBUG 9806 --- [    Test worker] org.hibernate.SQL                        : 
    /* insert for
        mangmae.harpseal.global.entity.MultipleQuestionChoice */insert 
    into
        multiple_question_choice (content, number, question_id) 
    values
        (?, ?, ?)
2023-12-27T02:23:42.911+09:00 DEBUG 9806 --- [    Test worker] org.hibernate.SQL                        : 
    /* insert for
        mangmae.harpseal.global.entity.Question */insert 
    into
        question (answer, content, number, question_type, quiz_id) 
    values
        (?, ?, ?, ?, ?)
2023-12-27T02:23:42.925+09:00 DEBUG 9806 --- [    Test worker] org.hibernate.SQL                        : 
    /* select
        quiz.id,
        quiz.title,
        quiz.description,
        quizThumbnail.filePath 
    from
        Quiz quiz   
    left join
        quiz.thumbnail as quizThumbnail 
    order by
        quiz.playTime asc */ select
            q1_0.quiz_id,
            q1_0.title,
            q1_0.description,
            t1_0.file_path 
        from
            quiz q1_0 
        left join
            quiz_thumbnail t1_0 
                on q1_0.quiz_id=t1_0.quiz_id 
        order by
            q1_0.play_time 
        limit
            ?, ?
2023-12-27T02:23:42.946+09:00 DEBUG 9806 --- [    Test worker] org.hibernate.SQL                        : 
    /* select
        count(quiz) 
    from
        Quiz quiz */ select
            count(q1_0.quiz_id) 
        from
            quiz q1_0
2023-12-27T02:23:42.960+09:00 DEBUG 9806 --- [    Test worker] org.hibernate.SQL                        : 
    /* select
        quiz.id,
        quiz.title,
        quiz.description,
        quizThumbnail.filePath 
    from
        Quiz quiz   
    left join
        quiz.thumbnail as quizThumbnail 
    order by
        quiz.playTime desc */ select
            q1_0.quiz_id,
            q1_0.title,
            q1_0.description,
            t1_0.file_path 
        from
            quiz q1_0 
        left join
            quiz_thumbnail t1_0 
                on q1_0.quiz_id=t1_0.quiz_id 
        order by
            q1_0.play_time desc 
        limit
            ?, ?
2023-12-27T02:23:42.971+09:00 DEBUG 9806 --- [    Test worker] org.hibernate.SQL                        : 
    /* select
        count(quiz) 
    from
        Quiz quiz */ select
            count(q1_0.quiz_id) 
        from
            quiz q1_0
2023-12-27T02:23:42.982+09:00 DEBUG 9806 --- [    Test worker] org.hibernate.SQL                        : 
    /* select
        quiz.id,
        quiz.title,
        quiz.description,
        quizThumbnail.filePath 
    from
        Quiz quiz   
    left join
        quiz.thumbnail as quizThumbnail 
    order by
        quiz.createdDate desc */ select
            q1_0.quiz_id,
            q1_0.title,
            q1_0.description,
            t1_0.file_path 
        from
            quiz q1_0 
        left join
            quiz_thumbnail t1_0 
                on q1_0.quiz_id=t1_0.quiz_id 
        order by
            q1_0.created_date desc 
        limit
            ?, ?
2023-12-27T02:23:42.992+09:00 DEBUG 9806 --- [    Test worker] org.hibernate.SQL                        : 
    /* select
        count(quiz) 
    from
        Quiz quiz */ select
            count(q1_0.quiz_id) 
        from
            quiz q1_0
2023-12-27T02:23:43.004+09:00 DEBUG 9806 --- [    Test worker] org.hibernate.SQL                        : 
    /* select
        quiz.id,
        quiz.title,
        quiz.description,
        quizThumbnail.filePath 
    from
        Quiz quiz   
    left join
        quiz.thumbnail as quizThumbnail 
    order by
        quiz.createdDate asc */ select
            q1_0.quiz_id,
            q1_0.title,
            q1_0.description,
            t1_0.file_path 
        from
            quiz q1_0 
        left join
            quiz_thumbnail t1_0 
                on q1_0.quiz_id=t1_0.quiz_id 
        order by
            q1_0.created_date 
        limit
            ?, ?
2023-12-27T02:23:43.014+09:00 DEBUG 9806 --- [    Test worker] org.hibernate.SQL                        : 
    /* select
        count(quiz) 
    from
        Quiz quiz */ select
            count(q1_0.quiz_id) 
        from
            quiz q1_0
]]></system-out>
  <system-err><![CDATA[]]></system-err>
</testsuite>
