<?xml version="1.0" encoding="UTF-8"?>
<testsuite name="mangmae.harpseal.domain.quiz.api.QuizControllerTest" tests="2" skipped="0" failures="0" errors="0" timestamp="2023-12-26T21:10:02" hostname="Jaehoonui-MacBookAir.local" time="0.755">
  <properties/>
  <testcase name="단일 퀴즈 조회 응답테스트" classname="mangmae.harpseal.domain.quiz.api.QuizControllerTest" time="0.431"/>
  <testcase name="퀴즈 목록 조회 테스트" classname="mangmae.harpseal.domain.quiz.api.QuizControllerTest" time="0.323"/>
  <system-out><![CDATA[2023-12-27T06:10:01.926+09:00  INFO 17062 --- [    Test worker] t.c.s.AnnotationConfigContextLoaderUtils : Could not detect default configuration classes for test class [mangmae.harpseal.domain.quiz.api.QuizControllerTest]: QuizControllerTest does not declare any static, non-private, non-final, nested classes annotated with @Configuration.
2023-12-27T06:10:01.934+09:00  INFO 17062 --- [    Test worker] .b.t.c.SpringBootTestContextBootstrapper : Found @SpringBootConfiguration mangmae.harpseal.HarpsealApplication for test class mangmae.harpseal.domain.quiz.api.QuizControllerTest

  .   ____          _            __ _ _
 /\\ / ___'_ __ _ _(_)_ __  __ _ \ \ \ \
( ( )\___ | '_ | '_| | '_ \/ _` | \ \ \ \
 \\/  ___)| |_)| | | | | || (_| |  ) ) ) )
  '  |____| .__|_| |_|_| |_\__, | / / / /
 =========|_|==============|___/=/_/_/_/
 :: Spring Boot ::                (v3.2.0)

2023-12-27T06:10:01.944+09:00  INFO 17062 --- [    Test worker] m.h.domain.quiz.api.QuizControllerTest   : Starting QuizControllerTest using Java 17.0.6 with PID 17062 (started by jaehoonso in /Users/jaehoonso/projects/harpseal-backend)
2023-12-27T06:10:01.944+09:00  INFO 17062 --- [    Test worker] m.h.domain.quiz.api.QuizControllerTest   : The following 2 profiles are active: "aws", "test"
2023-12-27T06:10:02.006+09:00  INFO 17062 --- [    Test worker] .s.d.r.c.RepositoryConfigurationDelegate : Bootstrapping Spring Data JPA repositories in DEFAULT mode.
2023-12-27T06:10:02.015+09:00  INFO 17062 --- [    Test worker] .s.d.r.c.RepositoryConfigurationDelegate : Finished Spring Data repository scanning in 9 ms. Found 6 JPA repository interfaces.
2023-12-27T06:10:02.052+09:00  INFO 17062 --- [    Test worker] o.hibernate.jpa.internal.util.LogHelper  : HHH000204: Processing PersistenceUnitInfo [name: default]
2023-12-27T06:10:02.053+09:00  INFO 17062 --- [    Test worker] o.h.c.internal.RegionFactoryInitiator    : HHH000026: Second-level cache disabled
2023-12-27T06:10:02.054+09:00  INFO 17062 --- [    Test worker] o.s.o.j.p.SpringPersistenceUnitInfo      : No LoadTimeWeaver setup: ignoring JPA class transformer
2023-12-27T06:10:02.054+09:00  INFO 17062 --- [    Test worker] com.zaxxer.hikari.HikariDataSource       : HikariPool-3 - Starting...
2023-12-27T06:10:02.172+09:00  INFO 17062 --- [    Test worker] com.zaxxer.hikari.pool.HikariPool        : HikariPool-3 - Added connection com.mysql.cj.jdbc.ConnectionImpl@1e7b277a
2023-12-27T06:10:02.173+09:00  INFO 17062 --- [    Test worker] com.zaxxer.hikari.HikariDataSource       : HikariPool-3 - Start completed.
2023-12-27T06:10:02.228+09:00  INFO 17062 --- [    Test worker] o.h.e.t.j.p.i.JtaPlatformInitiator       : HHH000489: No JTA platform available (set 'hibernate.transaction.jta.platform' to enable JTA platform integration)
2023-12-27T06:10:02.495+09:00  INFO 17062 --- [    Test worker] j.LocalContainerEntityManagerFactoryBean : Initialized JPA EntityManagerFactory for persistence unit 'default'
2023-12-27T06:10:02.636+09:00  INFO 17062 --- [    Test worker] o.s.b.t.m.w.SpringBootMockServletContext : Initializing Spring TestDispatcherServlet ''
2023-12-27T06:10:02.636+09:00  INFO 17062 --- [    Test worker] o.s.t.web.servlet.TestDispatcherServlet  : Initializing Servlet ''
2023-12-27T06:10:02.636+09:00  INFO 17062 --- [    Test worker] o.s.t.web.servlet.TestDispatcherServlet  : Completed initialization in 0 ms
2023-12-27T06:10:02.639+09:00  INFO 17062 --- [    Test worker] m.h.domain.quiz.api.QuizControllerTest   : Started QuizControllerTest in 0.703 seconds (process running for 4.949)
2023-12-27T06:10:02.655+09:00 DEBUG 17062 --- [    Test worker] org.hibernate.SQL                        : 
    /* insert for
        mangmae.harpseal.global.entity.Quiz */insert 
    into
        quiz (created_date, description, like_count, password, play_time, title) 
    values
        (?, ?, ?, ?, ?, ?)
2023-12-27T06:10:02.665+09:00 DEBUG 17062 --- [    Test worker] org.hibernate.SQL                        : 
    /* insert for
        mangmae.harpseal.global.entity.MultipleQuestionChoice */insert 
    into
        multiple_question_choice (content, number, question_id) 
    values
        (?, ?, ?)
2023-12-27T06:10:02.675+09:00 DEBUG 17062 --- [    Test worker] org.hibernate.SQL                        : 
    /* insert for
        mangmae.harpseal.global.entity.MultipleQuestionChoice */insert 
    into
        multiple_question_choice (content, number, question_id) 
    values
        (?, ?, ?)
2023-12-27T06:10:02.684+09:00 DEBUG 17062 --- [    Test worker] org.hibernate.SQL                        : 
    /* insert for
        mangmae.harpseal.global.entity.MultipleQuestionChoice */insert 
    into
        multiple_question_choice (content, number, question_id) 
    values
        (?, ?, ?)
2023-12-27T06:10:02.694+09:00 DEBUG 17062 --- [    Test worker] org.hibernate.SQL                        : 
    /* insert for
        mangmae.harpseal.global.entity.MultipleQuestionChoice */insert 
    into
        multiple_question_choice (content, number, question_id) 
    values
        (?, ?, ?)
2023-12-27T06:10:02.702+09:00 DEBUG 17062 --- [    Test worker] org.hibernate.SQL                        : 
    /* insert for
        mangmae.harpseal.global.entity.MultipleQuestionChoice */insert 
    into
        multiple_question_choice (content, number, question_id) 
    values
        (?, ?, ?)
2023-12-27T06:10:02.713+09:00 DEBUG 17062 --- [    Test worker] org.hibernate.SQL                        : 
    /* insert for
        mangmae.harpseal.global.entity.Question */insert 
    into
        question (answer, content, number, question_type, quiz_id) 
    values
        (?, ?, ?, ?, ?)
2023-12-27T06:10:02.910+09:00 DEBUG 17062 --- [    Test worker] org.hibernate.SQL                        : 
    /* select
        quiz.id,
        quiz.title,
        quiz.description,
        quizThumbnail.filePath as thumbnailPath,
        quiz.likeCount,
        quiz.playTime 
    from
        Quiz quiz   
    left join
        quiz.thumbnail as quizThumbnail 
    where
        quiz.id = ?1 */ select
            q1_0.quiz_id,
            q1_0.title,
            q1_0.description,
            t1_0.file_path,
            q1_0.like_count,
            q1_0.play_time 
        from
            quiz q1_0 
        left join
            quiz_thumbnail t1_0 
                on q1_0.quiz_id=t1_0.quiz_id 
        where
            q1_0.quiz_id=?
2023-12-27T06:10:02.933+09:00 DEBUG 17062 --- [    Test worker] org.hibernate.SQL                        : 
    /* update
        for mangmae.harpseal.global.entity.MultipleQuestionChoice */update multiple_question_choice 
    set
        content=?,
        number=?,
        question_id=? 
    where
        choice_id=?
2023-12-27T06:10:02.942+09:00 DEBUG 17062 --- [    Test worker] org.hibernate.SQL                        : 
    /* update
        for mangmae.harpseal.global.entity.MultipleQuestionChoice */update multiple_question_choice 
    set
        content=?,
        number=?,
        question_id=? 
    where
        choice_id=?
2023-12-27T06:10:02.952+09:00 DEBUG 17062 --- [    Test worker] org.hibernate.SQL                        : 
    /* update
        for mangmae.harpseal.global.entity.MultipleQuestionChoice */update multiple_question_choice 
    set
        content=?,
        number=?,
        question_id=? 
    where
        choice_id=?
2023-12-27T06:10:02.961+09:00 DEBUG 17062 --- [    Test worker] org.hibernate.SQL                        : 
    /* update
        for mangmae.harpseal.global.entity.MultipleQuestionChoice */update multiple_question_choice 
    set
        content=?,
        number=?,
        question_id=? 
    where
        choice_id=?
2023-12-27T06:10:02.973+09:00 DEBUG 17062 --- [    Test worker] org.hibernate.SQL                        : 
    /* update
        for mangmae.harpseal.global.entity.MultipleQuestionChoice */update multiple_question_choice 
    set
        content=?,
        number=?,
        question_id=? 
    where
        choice_id=?
2023-12-27T06:10:02.983+09:00 DEBUG 17062 --- [    Test worker] org.hibernate.SQL                        : 
    /* update
        for mangmae.harpseal.global.entity.Question */update question 
    set
        answer=?,
        content=?,
        number=?,
        question_type=?,
        quiz_id=? 
    where
        question_id=?
2023-12-27T06:10:02.995+09:00 DEBUG 17062 --- [    Test worker] org.hibernate.SQL                        : 
    /* select
        question.id,
        question.content,
        question.number,
        question.answer,
        question.questionType as type,
        question.attachment.filePath 
    from
        Question question   
    left join
        question.attachment as attachment 
    where
        question.quiz.id = ?1 
    order by
        question.number asc */ select
            q1_0.question_id,
            q1_0.content,
            q1_0.number,
            q1_0.answer,
            q1_0.question_type,
            a1_0.file_path 
        from
            question q1_0 
        left join
            attachment a1_0 
                on q1_0.question_id=a1_0.question_id 
        where
            q1_0.quiz_id=? 
        order by
            q1_0.number
2023-12-27T06:10:03.010+09:00 DEBUG 17062 --- [    Test worker] org.hibernate.SQL                        : 
    /* select
        multipleQuestionChoice.question.id as questionId,
        multipleQuestionChoice.number,
        multipleQuestionChoice.content 
    from
        MultipleQuestionChoice multipleQuestionChoice 
    where
        multipleQuestionChoice.question.id = ?1 
    order by
        multipleQuestionChoice.number asc */ select
            mqc1_0.question_id,
            mqc1_0.number,
            mqc1_0.content 
        from
            multiple_question_choice mqc1_0 
        where
            mqc1_0.question_id=? 
        order by
            mqc1_0.number
2023-12-27T06:10:03.081+09:00 DEBUG 17062 --- [    Test worker] org.hibernate.SQL                        : 
    /* insert for
        mangmae.harpseal.global.entity.Quiz */insert 
    into
        quiz (created_date, description, like_count, password, play_time, title) 
    values
        (?, ?, ?, ?, ?, ?)
2023-12-27T06:10:03.091+09:00 DEBUG 17062 --- [    Test worker] org.hibernate.SQL                        : 
    /* insert for
        mangmae.harpseal.global.entity.MultipleQuestionChoice */insert 
    into
        multiple_question_choice (content, number, question_id) 
    values
        (?, ?, ?)
2023-12-27T06:10:03.100+09:00 DEBUG 17062 --- [    Test worker] org.hibernate.SQL                        : 
    /* insert for
        mangmae.harpseal.global.entity.MultipleQuestionChoice */insert 
    into
        multiple_question_choice (content, number, question_id) 
    values
        (?, ?, ?)
2023-12-27T06:10:03.119+09:00 DEBUG 17062 --- [    Test worker] org.hibernate.SQL                        : 
    /* insert for
        mangmae.harpseal.global.entity.MultipleQuestionChoice */insert 
    into
        multiple_question_choice (content, number, question_id) 
    values
        (?, ?, ?)
2023-12-27T06:10:03.129+09:00 DEBUG 17062 --- [    Test worker] org.hibernate.SQL                        : 
    /* insert for
        mangmae.harpseal.global.entity.MultipleQuestionChoice */insert 
    into
        multiple_question_choice (content, number, question_id) 
    values
        (?, ?, ?)
2023-12-27T06:10:03.141+09:00 DEBUG 17062 --- [    Test worker] org.hibernate.SQL                        : 
    /* insert for
        mangmae.harpseal.global.entity.MultipleQuestionChoice */insert 
    into
        multiple_question_choice (content, number, question_id) 
    values
        (?, ?, ?)
2023-12-27T06:10:03.152+09:00 DEBUG 17062 --- [    Test worker] org.hibernate.SQL                        : 
    /* insert for
        mangmae.harpseal.global.entity.Question */insert 
    into
        question (answer, content, number, question_type, quiz_id) 
    values
        (?, ?, ?, ?, ?)
2023-12-27T06:10:03.169+09:00 DEBUG 17062 --- [    Test worker] org.hibernate.SQL                        : 
    /* select
        quiz.id,
        quiz.title,
        quiz.description,
        quizThumbnail.filePath 
    from
        Quiz quiz   
    left join
        quiz.thumbnail as quizThumbnail 
    order by
        quiz.playTime asc */ select
            q1_0.quiz_id,
            q1_0.title,
            q1_0.description,
            t1_0.file_path 
        from
            quiz q1_0 
        left join
            quiz_thumbnail t1_0 
                on q1_0.quiz_id=t1_0.quiz_id 
        order by
            q1_0.play_time 
        limit
            ?, ?
2023-12-27T06:10:03.192+09:00 DEBUG 17062 --- [    Test worker] org.hibernate.SQL                        : 
    /* select
        count(quiz) 
    from
        Quiz quiz */ select
            count(q1_0.quiz_id) 
        from
            quiz q1_0
2023-12-27T06:10:03.219+09:00 DEBUG 17062 --- [    Test worker] org.hibernate.SQL                        : 
    /* select
        quiz.id,
        quiz.title,
        quiz.description,
        quizThumbnail.filePath 
    from
        Quiz quiz   
    left join
        quiz.thumbnail as quizThumbnail 
    order by
        quiz.playTime desc */ select
            q1_0.quiz_id,
            q1_0.title,
            q1_0.description,
            t1_0.file_path 
        from
            quiz q1_0 
        left join
            quiz_thumbnail t1_0 
                on q1_0.quiz_id=t1_0.quiz_id 
        order by
            q1_0.play_time desc 
        limit
            ?, ?
2023-12-27T06:10:03.231+09:00 DEBUG 17062 --- [    Test worker] org.hibernate.SQL                        : 
    /* select
        count(quiz) 
    from
        Quiz quiz */ select
            count(q1_0.quiz_id) 
        from
            quiz q1_0
2023-12-27T06:10:03.248+09:00 DEBUG 17062 --- [    Test worker] org.hibernate.SQL                        : 
    /* select
        quiz.id,
        quiz.title,
        quiz.description,
        quizThumbnail.filePath 
    from
        Quiz quiz   
    left join
        quiz.thumbnail as quizThumbnail 
    order by
        quiz.createdDate desc */ select
            q1_0.quiz_id,
            q1_0.title,
            q1_0.description,
            t1_0.file_path 
        from
            quiz q1_0 
        left join
            quiz_thumbnail t1_0 
                on q1_0.quiz_id=t1_0.quiz_id 
        order by
            q1_0.created_date desc 
        limit
            ?, ?
2023-12-27T06:10:03.260+09:00 DEBUG 17062 --- [    Test worker] org.hibernate.SQL                        : 
    /* select
        count(quiz) 
    from
        Quiz quiz */ select
            count(q1_0.quiz_id) 
        from
            quiz q1_0
2023-12-27T06:10:03.300+09:00 DEBUG 17062 --- [    Test worker] org.hibernate.SQL                        : 
    /* select
        quiz.id,
        quiz.title,
        quiz.description,
        quizThumbnail.filePath 
    from
        Quiz quiz   
    left join
        quiz.thumbnail as quizThumbnail 
    order by
        quiz.createdDate asc */ select
            q1_0.quiz_id,
            q1_0.title,
            q1_0.description,
            t1_0.file_path 
        from
            quiz q1_0 
        left join
            quiz_thumbnail t1_0 
                on q1_0.quiz_id=t1_0.quiz_id 
        order by
            q1_0.created_date 
        limit
            ?, ?
2023-12-27T06:10:03.317+09:00 DEBUG 17062 --- [    Test worker] org.hibernate.SQL                        : 
    /* select
        count(quiz) 
    from
        Quiz quiz */ select
            count(q1_0.quiz_id) 
        from
            quiz q1_0

MockHttpServletRequest:
      HTTP Method = GET
      Request URI = /api/v1/quiz
       Parameters = {}
          Headers = [Content-Type:"application/json;charset=UTF-8", Content-Length:"34"]
             Body = {"title":null,"searchType":"NONE"}
    Session Attrs = {}

Handler:
             Type = mangmae.harpseal.domain.quiz.api.QuizController
           Method = mangmae.harpseal.domain.quiz.api.QuizController#quizList(QuizSearchRequestCond, Pageable)

Async:
    Async started = false
     Async result = null

Resolved Exception:
             Type = null

ModelAndView:
        View name = null
             View = null
            Model = null

FlashMap:
       Attributes = null

MockHttpServletResponse:
           Status = 200
    Error message = null
          Headers = [Vary:"Origin", "Access-Control-Request-Method", "Access-Control-Request-Headers", Content-Type:"application/json"]
     Content type = application/json
             Body = {"content":[{"id":1,"title":"새로운 퀴즈 제목","description":"새로운 퀴즈 설명","imageData":null},{"id":2,"title":"init quiz 2","description":"this is init quiz2","imageData":null},{"id":3,"title":"init quiz 3","description":"this is init quiz3","imageData":null},{"id":436,"title":"test quiz title","description":"test quiz description","imageData":null}],"pageable":{"pageNumber":0,"pageSize":20,"sort":{"empty":true,"unsorted":true,"sorted":false},"offset":0,"paged":true,"unpaged":false},"last":true,"totalPages":1,"totalElements":4,"first":true,"size":20,"number":0,"sort":{"empty":true,"unsorted":true,"sorted":false},"numberOfElements":4,"empty":false}
    Forwarded URL = null
   Redirected URL = null
          Cookies = []
]]></system-out>
  <system-err><![CDATA[]]></system-err>
</testsuite>
