<?xml version="1.0" encoding="UTF-8"?>
<testsuite name="mangmae.harpseal.domain.quiz.api.QuizControllerTest" tests="2" skipped="0" failures="0" errors="0" timestamp="2023-12-26T14:03:15" hostname="Jaehoonui-MacBookAir.local" time="0.456">
  <properties/>
  <testcase name="단일 퀴즈 조회 응답테스트" classname="mangmae.harpseal.domain.quiz.api.QuizControllerTest" time="0.289"/>
  <testcase name="퀴즈 목록 조회" classname="mangmae.harpseal.domain.quiz.api.QuizControllerTest" time="0.167"/>
  <system-out><![CDATA[2023-12-26T23:03:14.369+09:00  INFO 2748 --- [    Test worker] t.c.s.AnnotationConfigContextLoaderUtils : Could not detect default configuration classes for test class [mangmae.harpseal.domain.quiz.api.QuizControllerTest]: QuizControllerTest does not declare any static, non-private, non-final, nested classes annotated with @Configuration.
2023-12-26T23:03:14.378+09:00  INFO 2748 --- [    Test worker] .b.t.c.SpringBootTestContextBootstrapper : Found @SpringBootConfiguration mangmae.harpseal.HarpsealApplication for test class mangmae.harpseal.domain.quiz.api.QuizControllerTest

  .   ____          _            __ _ _
 /\\ / ___'_ __ _ _(_)_ __  __ _ \ \ \ \
( ( )\___ | '_ | '_| | '_ \/ _` | \ \ \ \
 \\/  ___)| |_)| | | | | || (_| |  ) ) ) )
  '  |____| .__|_| |_|_| |_\__, | / / / /
 =========|_|==============|___/=/_/_/_/
 :: Spring Boot ::                (v3.2.0)

2023-12-26T23:03:14.388+09:00  INFO 2748 --- [    Test worker] m.h.domain.quiz.api.QuizControllerTest   : Starting QuizControllerTest using Java 17.0.6 with PID 2748 (started by jaehoonso in /Users/jaehoonso/projects/harpseal-backend)
2023-12-26T23:03:14.389+09:00  INFO 2748 --- [    Test worker] m.h.domain.quiz.api.QuizControllerTest   : The following 2 profiles are active: "aws", "test"
2023-12-26T23:03:14.444+09:00  INFO 2748 --- [    Test worker] .s.d.r.c.RepositoryConfigurationDelegate : Bootstrapping Spring Data JPA repositories in DEFAULT mode.
2023-12-26T23:03:14.454+09:00  INFO 2748 --- [    Test worker] .s.d.r.c.RepositoryConfigurationDelegate : Finished Spring Data repository scanning in 9 ms. Found 6 JPA repository interfaces.
2023-12-26T23:03:14.488+09:00  INFO 2748 --- [    Test worker] o.hibernate.jpa.internal.util.LogHelper  : HHH000204: Processing PersistenceUnitInfo [name: default]
2023-12-26T23:03:14.489+09:00  INFO 2748 --- [    Test worker] o.h.c.internal.RegionFactoryInitiator    : HHH000026: Second-level cache disabled
2023-12-26T23:03:14.491+09:00  INFO 2748 --- [    Test worker] o.s.o.j.p.SpringPersistenceUnitInfo      : No LoadTimeWeaver setup: ignoring JPA class transformer
2023-12-26T23:03:14.491+09:00  INFO 2748 --- [    Test worker] com.zaxxer.hikari.HikariDataSource       : HikariPool-3 - Starting...
2023-12-26T23:03:14.630+09:00  INFO 2748 --- [    Test worker] com.zaxxer.hikari.pool.HikariPool        : HikariPool-3 - Added connection com.mysql.cj.jdbc.ConnectionImpl@3a1eb893
2023-12-26T23:03:14.630+09:00  INFO 2748 --- [    Test worker] com.zaxxer.hikari.HikariDataSource       : HikariPool-3 - Start completed.
2023-12-26T23:03:14.703+09:00  INFO 2748 --- [    Test worker] o.h.e.t.j.p.i.JtaPlatformInitiator       : HHH000489: No JTA platform available (set 'hibernate.transaction.jta.platform' to enable JTA platform integration)
2023-12-26T23:03:14.948+09:00  INFO 2748 --- [    Test worker] j.LocalContainerEntityManagerFactoryBean : Initialized JPA EntityManagerFactory for persistence unit 'default'
2023-12-26T23:03:15.084+09:00  INFO 2748 --- [    Test worker] o.s.b.t.m.w.SpringBootMockServletContext : Initializing Spring TestDispatcherServlet ''
2023-12-26T23:03:15.084+09:00  INFO 2748 --- [    Test worker] o.s.t.web.servlet.TestDispatcherServlet  : Initializing Servlet ''
2023-12-26T23:03:15.084+09:00  INFO 2748 --- [    Test worker] o.s.t.web.servlet.TestDispatcherServlet  : Completed initialization in 0 ms
2023-12-26T23:03:15.087+09:00  INFO 2748 --- [    Test worker] m.h.domain.quiz.api.QuizControllerTest   : Started QuizControllerTest in 0.707 seconds (process running for 4.837)
2023-12-26T23:03:15.102+09:00 DEBUG 2748 --- [    Test worker] org.hibernate.SQL                        : 
    /* insert for
        mangmae.harpseal.global.entity.Quiz */insert 
    into
        quiz (created_date, description, like_count, password, play_time, title) 
    values
        (?, ?, ?, ?, ?, ?)
2023-12-26T23:03:15.307+09:00 DEBUG 2748 --- [    Test worker] org.hibernate.SQL                        : 
    /* select
        quiz.id,
        quiz.title,
        quiz.description,
        quizThumbnail.filePath as thumbnailPath,
        quiz.likeCount,
        quiz.playTime 
    from
        Quiz quiz   
    left join
        quiz.thumbnail as quizThumbnail 
    where
        quiz.id = ?1 */ select
            q1_0.quiz_id,
            q1_0.title,
            q1_0.description,
            t1_0.file_path,
            q1_0.like_count,
            q1_0.play_time 
        from
            quiz q1_0 
        left join
            quiz_thumbnail t1_0 
                on q1_0.quiz_id=t1_0.quiz_id 
        where
            q1_0.quiz_id=?
2023-12-26T23:03:15.325+09:00 DEBUG 2748 --- [    Test worker] org.hibernate.SQL                        : 
    /* select
        question.id,
        question.content,
        question.number,
        question.answer,
        question.questionType as type,
        question.attachment.filePath 
    from
        Question question   
    left join
        question.attachment as attachment 
    where
        question.quiz.id = ?1 
    order by
        question.number asc */ select
            q1_0.question_id,
            q1_0.content,
            q1_0.number,
            q1_0.answer,
            q1_0.question_type,
            a1_0.file_path 
        from
            question q1_0 
        left join
            attachment a1_0 
                on q1_0.question_id=a1_0.question_id 
        where
            q1_0.quiz_id=? 
        order by
            q1_0.number
2023-12-26T23:03:15.389+09:00 DEBUG 2748 --- [    Test worker] org.hibernate.SQL                        : 
    /* insert for
        mangmae.harpseal.global.entity.Quiz */insert 
    into
        quiz (created_date, description, like_count, password, play_time, title) 
    values
        (?, ?, ?, ?, ?, ?)
2023-12-26T23:03:15.405+09:00 DEBUG 2748 --- [    Test worker] org.hibernate.SQL                        : 
    /* select
        quiz.id,
        quiz.title,
        quiz.description,
        quizThumbnail.filePath 
    from
        Quiz quiz   
    left join
        quiz.thumbnail as quizThumbnail 
    order by
        quiz.playTime asc */ select
            q1_0.quiz_id,
            q1_0.title,
            q1_0.description,
            t1_0.file_path 
        from
            quiz q1_0 
        left join
            quiz_thumbnail t1_0 
                on q1_0.quiz_id=t1_0.quiz_id 
        order by
            q1_0.play_time 
        limit
            ?, ?
2023-12-26T23:03:15.427+09:00 DEBUG 2748 --- [    Test worker] org.hibernate.SQL                        : 
    /* select
        count(quiz) 
    from
        Quiz quiz */ select
            count(q1_0.quiz_id) 
        from
            quiz q1_0
2023-12-26T23:03:15.443+09:00 DEBUG 2748 --- [    Test worker] org.hibernate.SQL                        : 
    /* select
        quiz.id,
        quiz.title,
        quiz.description,
        quizThumbnail.filePath 
    from
        Quiz quiz   
    left join
        quiz.thumbnail as quizThumbnail 
    order by
        quiz.playTime desc */ select
            q1_0.quiz_id,
            q1_0.title,
            q1_0.description,
            t1_0.file_path 
        from
            quiz q1_0 
        left join
            quiz_thumbnail t1_0 
                on q1_0.quiz_id=t1_0.quiz_id 
        order by
            q1_0.play_time desc 
        limit
            ?, ?
2023-12-26T23:03:15.454+09:00 DEBUG 2748 --- [    Test worker] org.hibernate.SQL                        : 
    /* select
        count(quiz) 
    from
        Quiz quiz */ select
            count(q1_0.quiz_id) 
        from
            quiz q1_0
2023-12-26T23:03:15.463+09:00 DEBUG 2748 --- [    Test worker] org.hibernate.SQL                        : 
    /* select
        quiz.id,
        quiz.title,
        quiz.description,
        quizThumbnail.filePath 
    from
        Quiz quiz   
    left join
        quiz.thumbnail as quizThumbnail 
    order by
        quiz.createdDate desc */ select
            q1_0.quiz_id,
            q1_0.title,
            q1_0.description,
            t1_0.file_path 
        from
            quiz q1_0 
        left join
            quiz_thumbnail t1_0 
                on q1_0.quiz_id=t1_0.quiz_id 
        order by
            q1_0.created_date desc 
        limit
            ?, ?
2023-12-26T23:03:15.476+09:00 DEBUG 2748 --- [    Test worker] org.hibernate.SQL                        : 
    /* select
        count(quiz) 
    from
        Quiz quiz */ select
            count(q1_0.quiz_id) 
        from
            quiz q1_0
2023-12-26T23:03:15.486+09:00 DEBUG 2748 --- [    Test worker] org.hibernate.SQL                        : 
    /* select
        quiz.id,
        quiz.title,
        quiz.description,
        quizThumbnail.filePath 
    from
        Quiz quiz   
    left join
        quiz.thumbnail as quizThumbnail 
    order by
        quiz.createdDate asc */ select
            q1_0.quiz_id,
            q1_0.title,
            q1_0.description,
            t1_0.file_path 
        from
            quiz q1_0 
        left join
            quiz_thumbnail t1_0 
                on q1_0.quiz_id=t1_0.quiz_id 
        order by
            q1_0.created_date 
        limit
            ?, ?
2023-12-26T23:03:15.497+09:00 DEBUG 2748 --- [    Test worker] org.hibernate.SQL                        : 
    /* select
        count(quiz) 
    from
        Quiz quiz */ select
            count(q1_0.quiz_id) 
        from
            quiz q1_0
2023-12-26T23:03:15.506+09:00  INFO 2748 --- [    Test worker] mangmae.harpseal.global.util.FileUtil    : [image path]=/Users/jaehoonso/harp-seal/thumbnail-image/default-image/default-image.png
2023-12-26T23:03:15.508+09:00  INFO 2748 --- [    Test worker] mangmae.harpseal.global.util.FileUtil    : [image path]=/Users/jaehoonso/harp-seal/thumbnail-image/default-image/default-image.png
2023-12-26T23:03:15.508+09:00  INFO 2748 --- [    Test worker] mangmae.harpseal.global.util.FileUtil    : [image path]=/Users/jaehoonso/harp-seal/thumbnail-image/default-image/default-image.png
2023-12-26T23:03:15.508+09:00  INFO 2748 --- [    Test worker] mangmae.harpseal.global.util.FileUtil    : [image path]=/Users/jaehoonso/harp-seal/thumbnail-image/default-image/default-image.png

MockHttpServletRequest:
      HTTP Method = GET
      Request URI = /api/v1/quiz
       Parameters = {}
          Headers = [Accept:"application/json"]
             Body = null
    Session Attrs = {}

Handler:
             Type = mangmae.harpseal.domain.quiz.api.QuizController
           Method = mangmae.harpseal.domain.quiz.api.QuizController#quizList(QuizSearchRequestCond, Pageable)

Async:
    Async started = false
     Async result = null

Resolved Exception:
             Type = null

ModelAndView:
        View name = null
             View = null
            Model = null

FlashMap:
       Attributes = null

MockHttpServletResponse:
           Status = 200
    Error message = null
          Headers = [Vary:"Origin", "Access-Control-Request-Method", "Access-Control-Request-Headers", Content-Type:"application/json"]
     Content type = application/json
             Body = {"content":[{"id":1,"title":"새로운 퀴즈 제목","description":"새로운 퀴즈 설명","imageData":"iVBORw0KGgoAAAANSUhEUgAAAPoAAADJCAMAAAA93N8MAAAAe1BMVEX///8AAACamppcXFwbGxvr6+tnZ2fn5+dhYWHi4uKtra22trby8vLb29uwsLD5+fnS0tKDg4Ojo6NPT08ICAi9vb1sbGyUlJRWVlaenp6AgIAtLS3GxsbKyso3Nzd6eno9PT0gICBFRUUnJyeLi4tJSUkTExM7OzscHBxwmR2HAAAHPklEQVR4nO2d62LiKhCATa2tt15WV1errbUXd9//Cc/xVkkYhgEmA7R8f41Zvm0EMgxDpxPEeD28yovl6DFM+cjdtMqSj2Dzj9gK/tyFmc9jtz+EoKf+T+zWh9HzN7+L3fZApv7q/dhtD8X/5x675cH88TV/jt3yYN581WexWx7Mta/6MHbLwynqQeqzXi6Mu8zqLO8DMvSLelH3oqgX9Wwo6kHqs27/zCIw5CEJh3qmFPWi/qMo6kX9R+Gofrvc9LtZ0d9cGeYaTuq5rqu9gHNMF/WM11igRUUH9U20hjPwFKJ+H63ZLAz91R+iNZqJsbd6xj/0I9riEln9JVqbmXjxVe9FazIbzVV0qvpttBazceupnnv2wP8MinqIuj5EJsuMWX3SYluZGRX1ol6jqBd1M0X9wLLFtjLDoT4e3p8ZZrSuxqGeKUW9qNcp6kX921HUqerrzfT9Oi9e+xN4/4qT+npb5cnTQ6D6k3SL+dg1445u6hmbV8ACi4P6qHmzvHgNUJduKzcjb/XMF1OrauWtnvXO1APNIY6snv2SYvXsq/5buqXsNH/sZHXphvLTXBjyUX+f3+SCummLQ/2mkw1jZvW+VMPDUZf+i/oXRb2o1ynqRb2oF/VMKOpFvU5RL+p1inpRL+pFPROKelGvU9SZ1ceT7nVV7d4+YidPSqsPlC/u7hlF3BFWb2ztXcWsxCOqPl5VTSJuBZJUf4CWJeMlyUuq63/zPWtmIzKC6qai4FDylgRy6gODOVQYQAQ5dXPdhoCC2yGIqSPVCyLtiRFTR6okf/JrURBTx04+YLNx6jHF1G8Q9ebNfbmbu1wtpr5A1LmmswungfI7qa+ryuWFSEwdy6hkGt12VfXX4XIx9V+IukN7EZb7WzkEAVIY3LyPFahxzAVzmBqmMKW5ojcX4TRbpH9BbiJrPumEZWw7b5nWUtuNyKk/msx5Ipmfp7vRfz2CL62mSQ2w68adS1dCfoYE1dWcVAWeMM0lAPSL+hXJKA1YmWhDtsNQS7tRvyMalgTcecxrD9SM+CXZYHTvrWHOFImvdSPU87aklyDur5WL5/reOi8agwexo5NfeHreHHYJvfdHTOKdzt+6OvFYxSjLjeNej027A9QspX3tG6y06lNkWkeXtvqasi6lh75oHV3a6n1gk3ETqHolKQCQtPqYsoMKCv+QDhZMWn1S2ZfkwFMQf1PunrT6fhS0nRH4DqmT1jBTVj/OVPBRegKaV13C7VNWP8VdsHCb4W2Q1NElrH4er7V99QrGNUxCR5ew+tckzbwcaS7Qu7XfP2H1y1ue8en9rIw0N+PrpKuupCIsDJdgZ9zaG5Kuujo/NYRZEXOo2EyDdNVrHuAy4hWqbk1Y8FVX4yKtqNcfZmj12DiwHbHO6BzVu9Mji39tqzem5sBirK0kjK2jc1QHa5G0od48SGGnXWFc0jhje/NxVL9u3r/aP1ktqGsHh2jz2Vebuq2jY1BftaG+1f6ZRm9DqPhlWdxgUJ/7qFvm2MCr6Gv9Crs5OgPmUZ95qD9YXq2gLqz2R8QSsr7AE1XC1XcdD/UhHjWFxy3lSaEdJ4MnVIWrj3zUV/hfBH4LV56ULniBBtrRBavvMzic1R8tb5WGUmZfQWYwKgWAdnSh6ocxx1l9DhU1vGB8Fz1fAGfW62jnMwWo7+q33h5jYK7qh58y8jAaAxCnddmh6XMNLMLjqK7edjU/v1C5qh9+ykjSi1nl0EM4HBGHrWH7vr6YmkpSP0RRzd0vMlt533/uUrk1MfVnS6uQ2Mu+dzRup4BAVq5iqJ9eeE3DG34O2gD9n9FAOroI6uf5iml4wydqU+rAdsLc0UVQPwdXTH+QxigSiLmji6D+pQYPb2tWc2Qvmbz6RQ0e3swJpX4YB1F59UvkCRze2M+5NGaOiquratDnS251Y9PF1dXIEzS8bdnVTZmj4upqo4DhzRps9CAR9Vp4/VX/vI2i44aOTlq9fgj9YNyglcN8DbsnhdWd5t9swDFQYXVs31N7wDkpmDp2TqunupBrE6o6+DrMox7rpBAwcxRQBx9KHnX7YlE7gLkJVHV0tUS5znUXhBDQ1iKqOhrRVq5D1c01G9oGig0Q1dGoLlm9ZT8EKOeSqI7vvVQu1NQf17PR/fJjM+93qdHzNgAyR4nq+JZ45cKmukPguFWAp5GmbtmYhPwTYPGlGOidFUndtjNauTRZdT2hiqJuzTdVrk1WXZ/R2Wdzb/ZKEsrV6aprCVWA+mTRPdN/WlJKaCj3SFddS6jCXl/IKPdIV13r6H6QejPPoHV1aUEzzazDttU7vXSQVk+Xol7UPSnqRT0XinpR96SoZ6beY1ZfjG8zoffIrJ4pRd2df/Z7Jw61ZJfG1H7vxPGuZMuf8CWNr3mkNBFGnGpN18FqYedAQE1Ty37q1Amqzd9Gpp8YAY/7nsE2toA3pIJVKJNtbAcvFiynbA3Wk6u8GK4D67P/B/wspLxFYucNAAAAAElFTkSuQmCC"},{"id":2,"title":"init quiz 2","description":"this is init quiz2","imageData":"iVBORw0KGgoAAAANSUhEUgAAAPoAAADJCAMAAAA93N8MAAAAe1BMVEX///8AAACamppcXFwbGxvr6+tnZ2fn5+dhYWHi4uKtra22trby8vLb29uwsLD5+fnS0tKDg4Ojo6NPT08ICAi9vb1sbGyUlJRWVlaenp6AgIAtLS3GxsbKyso3Nzd6eno9PT0gICBFRUUnJyeLi4tJSUkTExM7OzscHBxwmR2HAAAHPklEQVR4nO2d62LiKhCATa2tt15WV1errbUXd9//Cc/xVkkYhgEmA7R8f41Zvm0EMgxDpxPEeD28yovl6DFM+cjdtMqSj2Dzj9gK/tyFmc9jtz+EoKf+T+zWh9HzN7+L3fZApv7q/dhtD8X/5x675cH88TV/jt3yYN581WexWx7Mta/6MHbLwynqQeqzXi6Mu8zqLO8DMvSLelH3oqgX9Wwo6kHqs27/zCIw5CEJh3qmFPWi/qMo6kX9R+Gofrvc9LtZ0d9cGeYaTuq5rqu9gHNMF/WM11igRUUH9U20hjPwFKJ+H63ZLAz91R+iNZqJsbd6xj/0I9riEln9JVqbmXjxVe9FazIbzVV0qvpttBazceupnnv2wP8MinqIuj5EJsuMWX3SYluZGRX1ol6jqBd1M0X9wLLFtjLDoT4e3p8ZZrSuxqGeKUW9qNcp6kX921HUqerrzfT9Oi9e+xN4/4qT+npb5cnTQ6D6k3SL+dg1445u6hmbV8ACi4P6qHmzvHgNUJduKzcjb/XMF1OrauWtnvXO1APNIY6snv2SYvXsq/5buqXsNH/sZHXphvLTXBjyUX+f3+SCummLQ/2mkw1jZvW+VMPDUZf+i/oXRb2o1ynqRb2oF/VMKOpFvU5RL+p1inpRL+pFPROKelGvU9SZ1ceT7nVV7d4+YidPSqsPlC/u7hlF3BFWb2ztXcWsxCOqPl5VTSJuBZJUf4CWJeMlyUuq63/zPWtmIzKC6qai4FDylgRy6gODOVQYQAQ5dXPdhoCC2yGIqSPVCyLtiRFTR6okf/JrURBTx04+YLNx6jHF1G8Q9ebNfbmbu1wtpr5A1LmmswungfI7qa+ryuWFSEwdy6hkGt12VfXX4XIx9V+IukN7EZb7WzkEAVIY3LyPFahxzAVzmBqmMKW5ojcX4TRbpH9BbiJrPumEZWw7b5nWUtuNyKk/msx5Ipmfp7vRfz2CL62mSQ2w68adS1dCfoYE1dWcVAWeMM0lAPSL+hXJKA1YmWhDtsNQS7tRvyMalgTcecxrD9SM+CXZYHTvrWHOFImvdSPU87aklyDur5WL5/reOi8agwexo5NfeHreHHYJvfdHTOKdzt+6OvFYxSjLjeNej027A9QspX3tG6y06lNkWkeXtvqasi6lh75oHV3a6n1gk3ETqHolKQCQtPqYsoMKCv+QDhZMWn1S2ZfkwFMQf1PunrT6fhS0nRH4DqmT1jBTVj/OVPBRegKaV13C7VNWP8VdsHCb4W2Q1NElrH4er7V99QrGNUxCR5ew+tckzbwcaS7Qu7XfP2H1y1ue8en9rIw0N+PrpKuupCIsDJdgZ9zaG5Kuujo/NYRZEXOo2EyDdNVrHuAy4hWqbk1Y8FVX4yKtqNcfZmj12DiwHbHO6BzVu9Mji39tqzem5sBirK0kjK2jc1QHa5G0od48SGGnXWFc0jhje/NxVL9u3r/aP1ktqGsHh2jz2Vebuq2jY1BftaG+1f6ZRm9DqPhlWdxgUJ/7qFvm2MCr6Gv9Crs5OgPmUZ95qD9YXq2gLqz2R8QSsr7AE1XC1XcdD/UhHjWFxy3lSaEdJ4MnVIWrj3zUV/hfBH4LV56ULniBBtrRBavvMzic1R8tb5WGUmZfQWYwKgWAdnSh6ocxx1l9DhU1vGB8Fz1fAGfW62jnMwWo7+q33h5jYK7qh58y8jAaAxCnddmh6XMNLMLjqK7edjU/v1C5qh9+ykjSi1nl0EM4HBGHrWH7vr6YmkpSP0RRzd0vMlt533/uUrk1MfVnS6uQ2Mu+dzRup4BAVq5iqJ9eeE3DG34O2gD9n9FAOroI6uf5iml4wydqU+rAdsLc0UVQPwdXTH+QxigSiLmji6D+pQYPb2tWc2Qvmbz6RQ0e3swJpX4YB1F59UvkCRze2M+5NGaOiquratDnS251Y9PF1dXIEzS8bdnVTZmj4upqo4DhzRps9CAR9Vp4/VX/vI2i44aOTlq9fgj9YNyglcN8DbsnhdWd5t9swDFQYXVs31N7wDkpmDp2TqunupBrE6o6+DrMox7rpBAwcxRQBx9KHnX7YlE7gLkJVHV0tUS5znUXhBDQ1iKqOhrRVq5D1c01G9oGig0Q1dGoLlm9ZT8EKOeSqI7vvVQu1NQf17PR/fJjM+93qdHzNgAyR4nq+JZ45cKmukPguFWAp5GmbtmYhPwTYPGlGOidFUndtjNauTRZdT2hiqJuzTdVrk1WXZ/R2Wdzb/ZKEsrV6aprCVWA+mTRPdN/WlJKaCj3SFddS6jCXl/IKPdIV13r6H6QejPPoHV1aUEzzazDttU7vXSQVk+Xol7UPSnqRT0XinpR96SoZ6beY1ZfjG8zoffIrJ4pRd2df/Z7Jw61ZJfG1H7vxPGuZMuf8CWNr3mkNBFGnGpN18FqYedAQE1Ty37q1Amqzd9Gpp8YAY/7nsE2toA3pIJVKJNtbAcvFiynbA3Wk6u8GK4D67P/B/wspLxFYucNAAAAAElFTkSuQmCC"},{"id":3,"title":"init quiz 3","description":"this is init quiz3","imageData":"iVBORw0KGgoAAAANSUhEUgAAAPoAAADJCAMAAAA93N8MAAAAe1BMVEX///8AAACamppcXFwbGxvr6+tnZ2fn5+dhYWHi4uKtra22trby8vLb29uwsLD5+fnS0tKDg4Ojo6NPT08ICAi9vb1sbGyUlJRWVlaenp6AgIAtLS3GxsbKyso3Nzd6eno9PT0gICBFRUUnJyeLi4tJSUkTExM7OzscHBxwmR2HAAAHPklEQVR4nO2d62LiKhCATa2tt15WV1errbUXd9//Cc/xVkkYhgEmA7R8f41Zvm0EMgxDpxPEeD28yovl6DFM+cjdtMqSj2Dzj9gK/tyFmc9jtz+EoKf+T+zWh9HzN7+L3fZApv7q/dhtD8X/5x675cH88TV/jt3yYN581WexWx7Mta/6MHbLwynqQeqzXi6Mu8zqLO8DMvSLelH3oqgX9Wwo6kHqs27/zCIw5CEJh3qmFPWi/qMo6kX9R+Gofrvc9LtZ0d9cGeYaTuq5rqu9gHNMF/WM11igRUUH9U20hjPwFKJ+H63ZLAz91R+iNZqJsbd6xj/0I9riEln9JVqbmXjxVe9FazIbzVV0qvpttBazceupnnv2wP8MinqIuj5EJsuMWX3SYluZGRX1ol6jqBd1M0X9wLLFtjLDoT4e3p8ZZrSuxqGeKUW9qNcp6kX921HUqerrzfT9Oi9e+xN4/4qT+npb5cnTQ6D6k3SL+dg1445u6hmbV8ACi4P6qHmzvHgNUJduKzcjb/XMF1OrauWtnvXO1APNIY6snv2SYvXsq/5buqXsNH/sZHXphvLTXBjyUX+f3+SCummLQ/2mkw1jZvW+VMPDUZf+i/oXRb2o1ynqRb2oF/VMKOpFvU5RL+p1inpRL+pFPROKelGvU9SZ1ceT7nVV7d4+YidPSqsPlC/u7hlF3BFWb2ztXcWsxCOqPl5VTSJuBZJUf4CWJeMlyUuq63/zPWtmIzKC6qai4FDylgRy6gODOVQYQAQ5dXPdhoCC2yGIqSPVCyLtiRFTR6okf/JrURBTx04+YLNx6jHF1G8Q9ebNfbmbu1wtpr5A1LmmswungfI7qa+ryuWFSEwdy6hkGt12VfXX4XIx9V+IukN7EZb7WzkEAVIY3LyPFahxzAVzmBqmMKW5ojcX4TRbpH9BbiJrPumEZWw7b5nWUtuNyKk/msx5Ipmfp7vRfz2CL62mSQ2w68adS1dCfoYE1dWcVAWeMM0lAPSL+hXJKA1YmWhDtsNQS7tRvyMalgTcecxrD9SM+CXZYHTvrWHOFImvdSPU87aklyDur5WL5/reOi8agwexo5NfeHreHHYJvfdHTOKdzt+6OvFYxSjLjeNej027A9QspX3tG6y06lNkWkeXtvqasi6lh75oHV3a6n1gk3ETqHolKQCQtPqYsoMKCv+QDhZMWn1S2ZfkwFMQf1PunrT6fhS0nRH4DqmT1jBTVj/OVPBRegKaV13C7VNWP8VdsHCb4W2Q1NElrH4er7V99QrGNUxCR5ew+tckzbwcaS7Qu7XfP2H1y1ue8en9rIw0N+PrpKuupCIsDJdgZ9zaG5Kuujo/NYRZEXOo2EyDdNVrHuAy4hWqbk1Y8FVX4yKtqNcfZmj12DiwHbHO6BzVu9Mji39tqzem5sBirK0kjK2jc1QHa5G0od48SGGnXWFc0jhje/NxVL9u3r/aP1ktqGsHh2jz2Vebuq2jY1BftaG+1f6ZRm9DqPhlWdxgUJ/7qFvm2MCr6Gv9Crs5OgPmUZ95qD9YXq2gLqz2R8QSsr7AE1XC1XcdD/UhHjWFxy3lSaEdJ4MnVIWrj3zUV/hfBH4LV56ULniBBtrRBavvMzic1R8tb5WGUmZfQWYwKgWAdnSh6ocxx1l9DhU1vGB8Fz1fAGfW62jnMwWo7+q33h5jYK7qh58y8jAaAxCnddmh6XMNLMLjqK7edjU/v1C5qh9+ykjSi1nl0EM4HBGHrWH7vr6YmkpSP0RRzd0vMlt533/uUrk1MfVnS6uQ2Mu+dzRup4BAVq5iqJ9eeE3DG34O2gD9n9FAOroI6uf5iml4wydqU+rAdsLc0UVQPwdXTH+QxigSiLmji6D+pQYPb2tWc2Qvmbz6RQ0e3swJpX4YB1F59UvkCRze2M+5NGaOiquratDnS251Y9PF1dXIEzS8bdnVTZmj4upqo4DhzRps9CAR9Vp4/VX/vI2i44aOTlq9fgj9YNyglcN8DbsnhdWd5t9swDFQYXVs31N7wDkpmDp2TqunupBrE6o6+DrMox7rpBAwcxRQBx9KHnX7YlE7gLkJVHV0tUS5znUXhBDQ1iKqOhrRVq5D1c01G9oGig0Q1dGoLlm9ZT8EKOeSqI7vvVQu1NQf17PR/fJjM+93qdHzNgAyR4nq+JZ45cKmukPguFWAp5GmbtmYhPwTYPGlGOidFUndtjNauTRZdT2hiqJuzTdVrk1WXZ/R2Wdzb/ZKEsrV6aprCVWA+mTRPdN/WlJKaCj3SFddS6jCXl/IKPdIV13r6H6QejPPoHV1aUEzzazDttU7vXSQVk+Xol7UPSnqRT0XinpR96SoZ6beY1ZfjG8zoffIrJ4pRd2df/Z7Jw61ZJfG1H7vxPGuZMuf8CWNr3mkNBFGnGpN18FqYedAQE1Ty37q1Amqzd9Gpp8YAY/7nsE2toA3pIJVKJNtbAcvFiynbA3Wk6u8GK4D67P/B/wspLxFYucNAAAAAElFTkSuQmCC"},{"id":298,"title":"test quiz title","description":"test quiz description","imageData":"iVBORw0KGgoAAAANSUhEUgAAAPoAAADJCAMAAAA93N8MAAAAe1BMVEX///8AAACamppcXFwbGxvr6+tnZ2fn5+dhYWHi4uKtra22trby8vLb29uwsLD5+fnS0tKDg4Ojo6NPT08ICAi9vb1sbGyUlJRWVlaenp6AgIAtLS3GxsbKyso3Nzd6eno9PT0gICBFRUUnJyeLi4tJSUkTExM7OzscHBxwmR2HAAAHPklEQVR4nO2d62LiKhCATa2tt15WV1errbUXd9//Cc/xVkkYhgEmA7R8f41Zvm0EMgxDpxPEeD28yovl6DFM+cjdtMqSj2Dzj9gK/tyFmc9jtz+EoKf+T+zWh9HzN7+L3fZApv7q/dhtD8X/5x675cH88TV/jt3yYN581WexWx7Mta/6MHbLwynqQeqzXi6Mu8zqLO8DMvSLelH3oqgX9Wwo6kHqs27/zCIw5CEJh3qmFPWi/qMo6kX9R+Gofrvc9LtZ0d9cGeYaTuq5rqu9gHNMF/WM11igRUUH9U20hjPwFKJ+H63ZLAz91R+iNZqJsbd6xj/0I9riEln9JVqbmXjxVe9FazIbzVV0qvpttBazceupnnv2wP8MinqIuj5EJsuMWX3SYluZGRX1ol6jqBd1M0X9wLLFtjLDoT4e3p8ZZrSuxqGeKUW9qNcp6kX921HUqerrzfT9Oi9e+xN4/4qT+npb5cnTQ6D6k3SL+dg1445u6hmbV8ACi4P6qHmzvHgNUJduKzcjb/XMF1OrauWtnvXO1APNIY6snv2SYvXsq/5buqXsNH/sZHXphvLTXBjyUX+f3+SCummLQ/2mkw1jZvW+VMPDUZf+i/oXRb2o1ynqRb2oF/VMKOpFvU5RL+p1inpRL+pFPROKelGvU9SZ1ceT7nVV7d4+YidPSqsPlC/u7hlF3BFWb2ztXcWsxCOqPl5VTSJuBZJUf4CWJeMlyUuq63/zPWtmIzKC6qai4FDylgRy6gODOVQYQAQ5dXPdhoCC2yGIqSPVCyLtiRFTR6okf/JrURBTx04+YLNx6jHF1G8Q9ebNfbmbu1wtpr5A1LmmswungfI7qa+ryuWFSEwdy6hkGt12VfXX4XIx9V+IukN7EZb7WzkEAVIY3LyPFahxzAVzmBqmMKW5ojcX4TRbpH9BbiJrPumEZWw7b5nWUtuNyKk/msx5Ipmfp7vRfz2CL62mSQ2w68adS1dCfoYE1dWcVAWeMM0lAPSL+hXJKA1YmWhDtsNQS7tRvyMalgTcecxrD9SM+CXZYHTvrWHOFImvdSPU87aklyDur5WL5/reOi8agwexo5NfeHreHHYJvfdHTOKdzt+6OvFYxSjLjeNej027A9QspX3tG6y06lNkWkeXtvqasi6lh75oHV3a6n1gk3ETqHolKQCQtPqYsoMKCv+QDhZMWn1S2ZfkwFMQf1PunrT6fhS0nRH4DqmT1jBTVj/OVPBRegKaV13C7VNWP8VdsHCb4W2Q1NElrH4er7V99QrGNUxCR5ew+tckzbwcaS7Qu7XfP2H1y1ue8en9rIw0N+PrpKuupCIsDJdgZ9zaG5Kuujo/NYRZEXOo2EyDdNVrHuAy4hWqbk1Y8FVX4yKtqNcfZmj12DiwHbHO6BzVu9Mji39tqzem5sBirK0kjK2jc1QHa5G0od48SGGnXWFc0jhje/NxVL9u3r/aP1ktqGsHh2jz2Vebuq2jY1BftaG+1f6ZRm9DqPhlWdxgUJ/7qFvm2MCr6Gv9Crs5OgPmUZ95qD9YXq2gLqz2R8QSsr7AE1XC1XcdD/UhHjWFxy3lSaEdJ4MnVIWrj3zUV/hfBH4LV56ULniBBtrRBavvMzic1R8tb5WGUmZfQWYwKgWAdnSh6ocxx1l9DhU1vGB8Fz1fAGfW62jnMwWo7+q33h5jYK7qh58y8jAaAxCnddmh6XMNLMLjqK7edjU/v1C5qh9+ykjSi1nl0EM4HBGHrWH7vr6YmkpSP0RRzd0vMlt533/uUrk1MfVnS6uQ2Mu+dzRup4BAVq5iqJ9eeE3DG34O2gD9n9FAOroI6uf5iml4wydqU+rAdsLc0UVQPwdXTH+QxigSiLmji6D+pQYPb2tWc2Qvmbz6RQ0e3swJpX4YB1F59UvkCRze2M+5NGaOiquratDnS251Y9PF1dXIEzS8bdnVTZmj4upqo4DhzRps9CAR9Vp4/VX/vI2i44aOTlq9fgj9YNyglcN8DbsnhdWd5t9swDFQYXVs31N7wDkpmDp2TqunupBrE6o6+DrMox7rpBAwcxRQBx9KHnX7YlE7gLkJVHV0tUS5znUXhBDQ1iKqOhrRVq5D1c01G9oGig0Q1dGoLlm9ZT8EKOeSqI7vvVQu1NQf17PR/fJjM+93qdHzNgAyR4nq+JZ45cKmukPguFWAp5GmbtmYhPwTYPGlGOidFUndtjNauTRZdT2hiqJuzTdVrk1WXZ/R2Wdzb/ZKEsrV6aprCVWA+mTRPdN/WlJKaCj3SFddS6jCXl/IKPdIV13r6H6QejPPoHV1aUEzzazDttU7vXSQVk+Xol7UPSnqRT0XinpR96SoZ6beY1ZfjG8zoffIrJ4pRd2df/Z7Jw61ZJfG1H7vxPGuZMuf8CWNr3mkNBFGnGpN18FqYedAQE1Ty37q1Amqzd9Gpp8YAY/7nsE2toA3pIJVKJNtbAcvFiynbA3Wk6u8GK4D67P/B/wspLxFYucNAAAAAElFTkSuQmCC"}],"pageable":{"pageNumber":0,"pageSize":20,"sort":{"empty":true,"unsorted":true,"sorted":false},"offset":0,"paged":true,"unpaged":false},"last":true,"totalPages":1,"totalElements":4,"first":true,"size":20,"number":0,"sort":{"empty":true,"unsorted":true,"sorted":false},"numberOfElements":4,"empty":false}
    Forwarded URL = null
   Redirected URL = null
          Cookies = []
]]></system-out>
  <system-err><![CDATA[]]></system-err>
</testsuite>
