<?xml version="1.0" encoding="UTF-8"?>
<testsuite name="mangmae.harpseal.domain.comment.api.CommentControllerTest" tests="3" skipped="0" failures="0" errors="0" timestamp="2023-12-27T10:57:31" hostname="Jaehoonui-MacBookAir.local" time="0.342">
  <properties/>
  <testcase name="댓글 생성 실패" classname="mangmae.harpseal.domain.comment.api.CommentControllerTest" time="0.179"/>
  <testcase name="댓글 생성 성공" classname="mangmae.harpseal.domain.comment.api.CommentControllerTest" time="0.102"/>
  <testcase name="댓글 삭제 성공" classname="mangmae.harpseal.domain.comment.api.CommentControllerTest" time="0.06"/>
  <system-out><![CDATA[2023-12-27T19:57:31.073+09:00  INFO 35325 --- [    Test worker] t.c.s.AnnotationConfigContextLoaderUtils : Could not detect default configuration classes for test class [mangmae.harpseal.domain.comment.api.CommentControllerTest]: CommentControllerTest does not declare any static, non-private, non-final, nested classes annotated with @Configuration.
2023-12-27T19:57:31.084+09:00  INFO 35325 --- [    Test worker] .b.t.c.SpringBootTestContextBootstrapper : Found @SpringBootConfiguration mangmae.harpseal.HarpsealApplication for test class mangmae.harpseal.domain.comment.api.CommentControllerTest

  .   ____          _            __ _ _
 /\\ / ___'_ __ _ _(_)_ __  __ _ \ \ \ \
( ( )\___ | '_ | '_| | '_ \/ _` | \ \ \ \
 \\/  ___)| |_)| | | | | || (_| |  ) ) ) )
  '  |____| .__|_| |_|_| |_\__, | / / / /
 =========|_|==============|___/=/_/_/_/
 :: Spring Boot ::                (v3.2.0)

2023-12-27T19:57:31.097+09:00  INFO 35325 --- [    Test worker] m.h.d.comment.api.CommentControllerTest  : Starting CommentControllerTest using Java 17.0.6 with PID 35325 (started by jaehoonso in /Users/jaehoonso/projects/harpseal-backend)
2023-12-27T19:57:31.097+09:00  INFO 35325 --- [    Test worker] m.h.d.comment.api.CommentControllerTest  : The following 2 profiles are active: "aws", "test"
2023-12-27T19:57:31.160+09:00  INFO 35325 --- [    Test worker] .s.d.r.c.RepositoryConfigurationDelegate : Bootstrapping Spring Data JPA repositories in DEFAULT mode.
2023-12-27T19:57:31.171+09:00  INFO 35325 --- [    Test worker] .s.d.r.c.RepositoryConfigurationDelegate : Finished Spring Data repository scanning in 11 ms. Found 6 JPA repository interfaces.
2023-12-27T19:57:31.218+09:00  INFO 35325 --- [    Test worker] o.hibernate.jpa.internal.util.LogHelper  : HHH000204: Processing PersistenceUnitInfo [name: default]
2023-12-27T19:57:31.219+09:00  INFO 35325 --- [    Test worker] o.h.c.internal.RegionFactoryInitiator    : HHH000026: Second-level cache disabled
2023-12-27T19:57:31.220+09:00  INFO 35325 --- [    Test worker] o.s.o.j.p.SpringPersistenceUnitInfo      : No LoadTimeWeaver setup: ignoring JPA class transformer
2023-12-27T19:57:31.221+09:00  INFO 35325 --- [    Test worker] com.zaxxer.hikari.HikariDataSource       : HikariPool-2 - Starting...
2023-12-27T19:57:31.349+09:00  INFO 35325 --- [    Test worker] com.zaxxer.hikari.pool.HikariPool        : HikariPool-2 - Added connection com.mysql.cj.jdbc.ConnectionImpl@6fc9c0cc
2023-12-27T19:57:31.349+09:00  INFO 35325 --- [    Test worker] com.zaxxer.hikari.HikariDataSource       : HikariPool-2 - Start completed.
2023-12-27T19:57:31.403+09:00  INFO 35325 --- [    Test worker] o.h.e.t.j.p.i.JtaPlatformInitiator       : HHH000489: No JTA platform available (set 'hibernate.transaction.jta.platform' to enable JTA platform integration)
2023-12-27T19:57:31.663+09:00  INFO 35325 --- [    Test worker] j.LocalContainerEntityManagerFactoryBean : Initialized JPA EntityManagerFactory for persistence unit 'default'
2023-12-27T19:57:31.809+09:00  INFO 35325 --- [    Test worker] o.s.b.t.m.w.SpringBootMockServletContext : Initializing Spring TestDispatcherServlet ''
2023-12-27T19:57:31.810+09:00  INFO 35325 --- [    Test worker] o.s.t.web.servlet.TestDispatcherServlet  : Initializing Servlet ''
2023-12-27T19:57:31.810+09:00  INFO 35325 --- [    Test worker] o.s.t.web.servlet.TestDispatcherServlet  : Completed initialization in 0 ms
2023-12-27T19:57:31.814+09:00  INFO 35325 --- [    Test worker] m.h.d.comment.api.CommentControllerTest  : Started CommentControllerTest in 0.728 seconds (process running for 3.89)
2023-12-27T19:57:31.858+09:00 DEBUG 35325 --- [    Test worker] org.hibernate.SQL                        : 
    /* insert for
        mangmae.harpseal.global.entity.Quiz */insert 
    into
        quiz (created_date, description, like_count, password, play_time, title) 
    values
        (?, ?, ?, ?, ?, ?)
2023-12-27T19:57:31.877+09:00 DEBUG 35325 --- [    Test worker] org.hibernate.SQL                        : 
    /* insert for
        mangmae.harpseal.global.entity.Comment */insert 
    into
        comments (content, created_by, created_date, like_count, password, quiz_id) 
    values
        (?, ?, ?, ?, ?, ?)
2023-12-27T19:57:31.958+09:00 DEBUG 35325 --- [    Test worker] org.hibernate.SQL                        : 
    select
        q1_0.quiz_id,
        q1_0.created_date,
        q1_0.description,
        q1_0.like_count,
        q1_0.password,
        q1_0.play_time,
        q1_0.title 
    from
        quiz q1_0 
    where
        q1_0.quiz_id=?
2023-12-27T19:57:32.004+09:00 DEBUG 35325 --- [    Test worker] org.hibernate.SQL                        : 
    /* insert for
        mangmae.harpseal.global.entity.Quiz */insert 
    into
        quiz (created_date, description, like_count, password, play_time, title) 
    values
        (?, ?, ?, ?, ?, ?)
2023-12-27T19:57:32.013+09:00 DEBUG 35325 --- [    Test worker] org.hibernate.SQL                        : 
    /* insert for
        mangmae.harpseal.global.entity.Comment */insert 
    into
        comments (content, created_by, created_date, like_count, password, quiz_id) 
    values
        (?, ?, ?, ?, ?, ?)
2023-12-27T19:57:32.025+09:00 DEBUG 35325 --- [    Test worker] org.hibernate.SQL                        : 
    /* insert for
        mangmae.harpseal.global.entity.Comment */insert 
    into
        comments (content, created_by, created_date, like_count, password, quiz_id) 
    values
        (?, ?, ?, ?, ?, ?)
2023-12-27T19:57:32.052+09:00  INFO 35325 --- [    Test worker] m.h.d.comment.api.CommentControllerTest  : result={"commentId":31,"content":"comment test example","createdBy":"user-553dd552","like":0,"createdDate":"2023-12-27T19:57:32.025625"}
2023-12-27T19:57:32.108+09:00 DEBUG 35325 --- [    Test worker] org.hibernate.SQL                        : 
    /* insert for
        mangmae.harpseal.global.entity.Quiz */insert 
    into
        quiz (created_date, description, like_count, password, play_time, title) 
    values
        (?, ?, ?, ?, ?, ?)
2023-12-27T19:57:32.118+09:00 DEBUG 35325 --- [    Test worker] org.hibernate.SQL                        : 
    /* insert for
        mangmae.harpseal.global.entity.Comment */insert 
    into
        comments (content, created_by, created_date, like_count, password, quiz_id) 
    values
        (?, ?, ?, ?, ?, ?)
2023-12-27T19:57:32.132+09:00  INFO 35325 --- [    Test worker] m.harpseal.global.util.SecurityUtil      : password1=2479ac1d, password2=2479ac1d
]]></system-out>
  <system-err><![CDATA[]]></system-err>
</testsuite>
