<?xml version="1.0" encoding="UTF-8"?>
<testsuite name="mangmae.harpseal.domain.quiz.repository.QuizRepositoryImplTest" tests="2" skipped="0" failures="0" errors="0" timestamp="2023-12-26T17:23:43" hostname="Jaehoonui-MacBookAir.local" time="0.256">
  <properties/>
  <testcase name="플레이 횟수를 기준으로 검색" classname="mangmae.harpseal.domain.quiz.repository.QuizRepositoryImplTest" time="0.14"/>
  <testcase name="퀴즈 생성시간을 기준으로 검색" classname="mangmae.harpseal.domain.quiz.repository.QuizRepositoryImplTest" time="0.116"/>
  <system-out><![CDATA[2023-12-27T02:23:43.058+09:00  INFO 9806 --- [    Test worker] t.c.s.AnnotationConfigContextLoaderUtils : Could not detect default configuration classes for test class [mangmae.harpseal.domain.quiz.repository.QuizRepositoryImplTest]: QuizRepositoryImplTest does not declare any static, non-private, non-final, nested classes annotated with @Configuration.
2023-12-27T02:23:43.066+09:00  INFO 9806 --- [    Test worker] .b.t.c.SpringBootTestContextBootstrapper : Found @SpringBootConfiguration mangmae.harpseal.HarpsealApplication for test class mangmae.harpseal.domain.quiz.repository.QuizRepositoryImplTest
2023-12-27T02:23:43.088+09:00  INFO 9806 --- [    Test worker] m.h.d.q.r.QuizRepositoryImplTest         : quiz1=Quiz(title=5cf11903quiz1, description=quiz1 description, password=12345, likeCount=0, playTime=1)
2023-12-27T02:23:43.090+09:00  INFO 9806 --- [    Test worker] m.h.d.q.r.QuizRepositoryImplTest         : quiz2=Quiz(title=5cf11903quiz2, description=quiz2 description, password=12345, likeCount=0, playTime=2)
2023-12-27T02:23:43.090+09:00  INFO 9806 --- [    Test worker] m.h.d.q.r.QuizRepositoryImplTest         : quiz3=Quiz(title=5cf11903quiz3, description=quiz3 description, password=12345, likeCount=0, playTime=3)
2023-12-27T02:23:43.090+09:00  INFO 9806 --- [    Test worker] m.h.d.q.r.QuizRepositoryImplTest         : quiz4=Quiz(title=5cf11903quiz4, description=quiz4 description, password=12345, likeCount=0, playTime=4)
2023-12-27T02:23:43.092+09:00 DEBUG 9806 --- [    Test worker] org.hibernate.SQL                        : 
    /* insert for
        mangmae.harpseal.global.entity.Quiz */insert 
    into
        quiz (created_date, description, like_count, password, play_time, title) 
    values
        (?, ?, ?, ?, ?, ?)
2023-12-27T02:23:43.102+09:00 DEBUG 9806 --- [    Test worker] org.hibernate.SQL                        : 
    /* insert for
        mangmae.harpseal.global.entity.Quiz */insert 
    into
        quiz (created_date, description, like_count, password, play_time, title) 
    values
        (?, ?, ?, ?, ?, ?)
2023-12-27T02:23:43.113+09:00 DEBUG 9806 --- [    Test worker] org.hibernate.SQL                        : 
    /* insert for
        mangmae.harpseal.global.entity.Quiz */insert 
    into
        quiz (created_date, description, like_count, password, play_time, title) 
    values
        (?, ?, ?, ?, ?, ?)
2023-12-27T02:23:43.122+09:00 DEBUG 9806 --- [    Test worker] org.hibernate.SQL                        : 
    /* insert for
        mangmae.harpseal.global.entity.Quiz */insert 
    into
        quiz (created_date, description, like_count, password, play_time, title) 
    values
        (?, ?, ?, ?, ?, ?)
2023-12-27T02:23:43.138+09:00 DEBUG 9806 --- [    Test worker] org.hibernate.SQL                        : 
    /* select
        quiz.id,
        quiz.title,
        quiz.description,
        quizThumbnail.filePath 
    from
        Quiz quiz   
    left join
        quiz.thumbnail as quizThumbnail 
    where
        quiz.title like ?1 escape '!' 
    order by
        quiz.playTime desc */ select
            q1_0.quiz_id,
            q1_0.title,
            q1_0.description,
            t1_0.file_path 
        from
            quiz q1_0 
        left join
            quiz_thumbnail t1_0 
                on q1_0.quiz_id=t1_0.quiz_id 
        where
            q1_0.title like ? escape '!' 
        order by
            q1_0.play_time desc 
        limit
            ?, ?
2023-12-27T02:23:43.151+09:00 DEBUG 9806 --- [    Test worker] org.hibernate.SQL                        : 
    /* select
        count(quiz) 
    from
        Quiz quiz 
    where
        quiz.title like ?1 escape '!' */ select
            count(q1_0.quiz_id) 
        from
            quiz q1_0 
        where
            q1_0.title like ? escape '!'
2023-12-27T02:23:43.162+09:00 DEBUG 9806 --- [    Test worker] org.hibernate.SQL                        : 
    /* select
        quiz.id,
        quiz.title,
        quiz.description,
        quizThumbnail.filePath 
    from
        Quiz quiz   
    left join
        quiz.thumbnail as quizThumbnail 
    where
        quiz.title like ?1 escape '!' 
    order by
        quiz.playTime asc */ select
            q1_0.quiz_id,
            q1_0.title,
            q1_0.description,
            t1_0.file_path 
        from
            quiz q1_0 
        left join
            quiz_thumbnail t1_0 
                on q1_0.quiz_id=t1_0.quiz_id 
        where
            q1_0.title like ? escape '!' 
        order by
            q1_0.play_time 
        limit
            ?, ?
2023-12-27T02:23:43.172+09:00 DEBUG 9806 --- [    Test worker] org.hibernate.SQL                        : 
    /* select
        count(quiz) 
    from
        Quiz quiz 
    where
        quiz.title like ?1 escape '!' */ select
            count(q1_0.quiz_id) 
        from
            quiz q1_0 
        where
            q1_0.title like ? escape '!'
2023-12-27T02:23:43.218+09:00  INFO 9806 --- [    Test worker] m.h.d.q.r.QuizRepositoryImplTest         : quiz1=Quiz(title=5cf11903quiz1, description=quiz1 description, password=12345, likeCount=0, playTime=1)
2023-12-27T02:23:43.218+09:00  INFO 9806 --- [    Test worker] m.h.d.q.r.QuizRepositoryImplTest         : quiz2=Quiz(title=5cf11903quiz2, description=quiz2 description, password=12345, likeCount=0, playTime=2)
2023-12-27T02:23:43.218+09:00  INFO 9806 --- [    Test worker] m.h.d.q.r.QuizRepositoryImplTest         : quiz3=Quiz(title=5cf11903quiz3, description=quiz3 description, password=12345, likeCount=0, playTime=3)
2023-12-27T02:23:43.218+09:00  INFO 9806 --- [    Test worker] m.h.d.q.r.QuizRepositoryImplTest         : quiz4=Quiz(title=5cf11903quiz4, description=quiz4 description, password=12345, likeCount=0, playTime=4)
2023-12-27T02:23:43.218+09:00 DEBUG 9806 --- [    Test worker] org.hibernate.SQL                        : 
    /* insert for
        mangmae.harpseal.global.entity.Quiz */insert 
    into
        quiz (created_date, description, like_count, password, play_time, title) 
    values
        (?, ?, ?, ?, ?, ?)
2023-12-27T02:23:43.228+09:00 DEBUG 9806 --- [    Test worker] org.hibernate.SQL                        : 
    /* insert for
        mangmae.harpseal.global.entity.Quiz */insert 
    into
        quiz (created_date, description, like_count, password, play_time, title) 
    values
        (?, ?, ?, ?, ?, ?)
2023-12-27T02:23:43.238+09:00 DEBUG 9806 --- [    Test worker] org.hibernate.SQL                        : 
    /* insert for
        mangmae.harpseal.global.entity.Quiz */insert 
    into
        quiz (created_date, description, like_count, password, play_time, title) 
    values
        (?, ?, ?, ?, ?, ?)
2023-12-27T02:23:43.247+09:00 DEBUG 9806 --- [    Test worker] org.hibernate.SQL                        : 
    /* insert for
        mangmae.harpseal.global.entity.Quiz */insert 
    into
        quiz (created_date, description, like_count, password, play_time, title) 
    values
        (?, ?, ?, ?, ?, ?)
2023-12-27T02:23:43.259+09:00 DEBUG 9806 --- [    Test worker] org.hibernate.SQL                        : 
    /* select
        quiz.id,
        quiz.title,
        quiz.description,
        quizThumbnail.filePath 
    from
        Quiz quiz   
    left join
        quiz.thumbnail as quizThumbnail 
    where
        quiz.title like ?1 escape '!' 
    order by
        quiz.createdDate desc */ select
            q1_0.quiz_id,
            q1_0.title,
            q1_0.description,
            t1_0.file_path 
        from
            quiz q1_0 
        left join
            quiz_thumbnail t1_0 
                on q1_0.quiz_id=t1_0.quiz_id 
        where
            q1_0.title like ? escape '!' 
        order by
            q1_0.created_date desc 
        limit
            ?, ?
2023-12-27T02:23:43.270+09:00 DEBUG 9806 --- [    Test worker] org.hibernate.SQL                        : 
    /* select
        count(quiz) 
    from
        Quiz quiz 
    where
        quiz.title like ?1 escape '!' */ select
            count(q1_0.quiz_id) 
        from
            quiz q1_0 
        where
            q1_0.title like ? escape '!'
2023-12-27T02:23:43.280+09:00 DEBUG 9806 --- [    Test worker] org.hibernate.SQL                        : 
    /* select
        quiz.id,
        quiz.title,
        quiz.description,
        quizThumbnail.filePath 
    from
        Quiz quiz   
    left join
        quiz.thumbnail as quizThumbnail 
    where
        quiz.title like ?1 escape '!' 
    order by
        quiz.createdDate asc */ select
            q1_0.quiz_id,
            q1_0.title,
            q1_0.description,
            t1_0.file_path 
        from
            quiz q1_0 
        left join
            quiz_thumbnail t1_0 
                on q1_0.quiz_id=t1_0.quiz_id 
        where
            q1_0.title like ? escape '!' 
        order by
            q1_0.created_date 
        limit
            ?, ?
2023-12-27T02:23:43.291+09:00 DEBUG 9806 --- [    Test worker] org.hibernate.SQL                        : 
    /* select
        count(quiz) 
    from
        Quiz quiz 
    where
        quiz.title like ?1 escape '!' */ select
            count(q1_0.quiz_id) 
        from
            quiz q1_0 
        where
            q1_0.title like ? escape '!'
]]></system-out>
  <system-err><![CDATA[]]></system-err>
</testsuite>
