<?xml version="1.0" encoding="UTF-8"?>
<testsuite name="mangmae.harpseal.domain.quiz.repository.QuizRepositoryImplTest" tests="2" skipped="0" failures="0" errors="0" timestamp="2023-12-27T14:05:55" hostname="Jaehoonui-MacBookAir.local" time="0.252">
  <properties/>
  <testcase name="플레이 횟수를 기준으로 검색" classname="mangmae.harpseal.domain.quiz.repository.QuizRepositoryImplTest" time="0.139"/>
  <testcase name="퀴즈 생성시간을 기준으로 검색" classname="mangmae.harpseal.domain.quiz.repository.QuizRepositoryImplTest" time="0.112"/>
  <system-out><![CDATA[2023-12-27T23:05:55.793+09:00  INFO 42655 --- [    Test worker] t.c.s.AnnotationConfigContextLoaderUtils : Could not detect default configuration classes for test class [mangmae.harpseal.domain.quiz.repository.QuizRepositoryImplTest]: QuizRepositoryImplTest does not declare any static, non-private, non-final, nested classes annotated with @Configuration.
2023-12-27T23:05:55.800+09:00  INFO 42655 --- [    Test worker] .b.t.c.SpringBootTestContextBootstrapper : Found @SpringBootConfiguration mangmae.harpseal.HarpsealApplication for test class mangmae.harpseal.domain.quiz.repository.QuizRepositoryImplTest
2023-12-27T23:05:55.821+09:00  INFO 42655 --- [    Test worker] m.h.d.q.r.QuizRepositoryImplTest         : quiz1=Quiz(title=467ee9bcquiz1, description=quiz1 description, password=12345, likeCount=0, playTime=1)
2023-12-27T23:05:55.823+09:00  INFO 42655 --- [    Test worker] m.h.d.q.r.QuizRepositoryImplTest         : quiz2=Quiz(title=467ee9bcquiz2, description=quiz2 description, password=12345, likeCount=0, playTime=2)
2023-12-27T23:05:55.823+09:00  INFO 42655 --- [    Test worker] m.h.d.q.r.QuizRepositoryImplTest         : quiz3=Quiz(title=467ee9bcquiz3, description=quiz3 description, password=12345, likeCount=0, playTime=3)
2023-12-27T23:05:55.823+09:00  INFO 42655 --- [    Test worker] m.h.d.q.r.QuizRepositoryImplTest         : quiz4=Quiz(title=467ee9bcquiz4, description=quiz4 description, password=12345, likeCount=0, playTime=4)
2023-12-27T23:05:55.826+09:00 DEBUG 42655 --- [    Test worker] org.hibernate.SQL                        : 
    /* insert for
        mangmae.harpseal.global.entity.Quiz */insert 
    into
        quiz (created_date, description, like_count, password, play_time, title) 
    values
        (?, ?, ?, ?, ?, ?)
2023-12-27T23:05:55.837+09:00 DEBUG 42655 --- [    Test worker] org.hibernate.SQL                        : 
    /* insert for
        mangmae.harpseal.global.entity.Quiz */insert 
    into
        quiz (created_date, description, like_count, password, play_time, title) 
    values
        (?, ?, ?, ?, ?, ?)
2023-12-27T23:05:55.847+09:00 DEBUG 42655 --- [    Test worker] org.hibernate.SQL                        : 
    /* insert for
        mangmae.harpseal.global.entity.Quiz */insert 
    into
        quiz (created_date, description, like_count, password, play_time, title) 
    values
        (?, ?, ?, ?, ?, ?)
2023-12-27T23:05:55.857+09:00 DEBUG 42655 --- [    Test worker] org.hibernate.SQL                        : 
    /* insert for
        mangmae.harpseal.global.entity.Quiz */insert 
    into
        quiz (created_date, description, like_count, password, play_time, title) 
    values
        (?, ?, ?, ?, ?, ?)
2023-12-27T23:05:55.871+09:00 DEBUG 42655 --- [    Test worker] org.hibernate.SQL                        : 
    /* select
        quiz.id,
        quiz.title,
        quiz.description,
        quizThumbnail.filePath 
    from
        Quiz quiz   
    left join
        quiz.thumbnail as quizThumbnail 
    where
        quiz.title like ?1 escape '!' 
    order by
        quiz.playTime desc */ select
            q1_0.quiz_id,
            q1_0.title,
            q1_0.description,
            t1_0.file_path 
        from
            quiz q1_0 
        left join
            quiz_thumbnail t1_0 
                on q1_0.quiz_id=t1_0.quiz_id 
        where
            q1_0.title like ? escape '!' 
        order by
            q1_0.play_time desc 
        limit
            ?, ?
2023-12-27T23:05:55.881+09:00 DEBUG 42655 --- [    Test worker] org.hibernate.SQL                        : 
    /* select
        count(quiz) 
    from
        Quiz quiz 
    where
        quiz.title like ?1 escape '!' */ select
            count(q1_0.quiz_id) 
        from
            quiz q1_0 
        where
            q1_0.title like ? escape '!'
2023-12-27T23:05:55.892+09:00 DEBUG 42655 --- [    Test worker] org.hibernate.SQL                        : 
    /* select
        quiz.id,
        quiz.title,
        quiz.description,
        quizThumbnail.filePath 
    from
        Quiz quiz   
    left join
        quiz.thumbnail as quizThumbnail 
    where
        quiz.title like ?1 escape '!' 
    order by
        quiz.playTime asc */ select
            q1_0.quiz_id,
            q1_0.title,
            q1_0.description,
            t1_0.file_path 
        from
            quiz q1_0 
        left join
            quiz_thumbnail t1_0 
                on q1_0.quiz_id=t1_0.quiz_id 
        where
            q1_0.title like ? escape '!' 
        order by
            q1_0.play_time 
        limit
            ?, ?
2023-12-27T23:05:55.901+09:00 DEBUG 42655 --- [    Test worker] org.hibernate.SQL                        : 
    /* select
        count(quiz) 
    from
        Quiz quiz 
    where
        quiz.title like ?1 escape '!' */ select
            count(q1_0.quiz_id) 
        from
            quiz q1_0 
        where
            q1_0.title like ? escape '!'
2023-12-27T23:05:55.950+09:00  INFO 42655 --- [    Test worker] m.h.d.q.r.QuizRepositoryImplTest         : quiz1=Quiz(title=467ee9bcquiz1, description=quiz1 description, password=12345, likeCount=0, playTime=1)
2023-12-27T23:05:55.950+09:00  INFO 42655 --- [    Test worker] m.h.d.q.r.QuizRepositoryImplTest         : quiz2=Quiz(title=467ee9bcquiz2, description=quiz2 description, password=12345, likeCount=0, playTime=2)
2023-12-27T23:05:55.950+09:00  INFO 42655 --- [    Test worker] m.h.d.q.r.QuizRepositoryImplTest         : quiz3=Quiz(title=467ee9bcquiz3, description=quiz3 description, password=12345, likeCount=0, playTime=3)
2023-12-27T23:05:55.950+09:00  INFO 42655 --- [    Test worker] m.h.d.q.r.QuizRepositoryImplTest         : quiz4=Quiz(title=467ee9bcquiz4, description=quiz4 description, password=12345, likeCount=0, playTime=4)
2023-12-27T23:05:55.951+09:00 DEBUG 42655 --- [    Test worker] org.hibernate.SQL                        : 
    /* insert for
        mangmae.harpseal.global.entity.Quiz */insert 
    into
        quiz (created_date, description, like_count, password, play_time, title) 
    values
        (?, ?, ?, ?, ?, ?)
2023-12-27T23:05:55.961+09:00 DEBUG 42655 --- [    Test worker] org.hibernate.SQL                        : 
    /* insert for
        mangmae.harpseal.global.entity.Quiz */insert 
    into
        quiz (created_date, description, like_count, password, play_time, title) 
    values
        (?, ?, ?, ?, ?, ?)
2023-12-27T23:05:55.970+09:00 DEBUG 42655 --- [    Test worker] org.hibernate.SQL                        : 
    /* insert for
        mangmae.harpseal.global.entity.Quiz */insert 
    into
        quiz (created_date, description, like_count, password, play_time, title) 
    values
        (?, ?, ?, ?, ?, ?)
2023-12-27T23:05:55.980+09:00 DEBUG 42655 --- [    Test worker] org.hibernate.SQL                        : 
    /* insert for
        mangmae.harpseal.global.entity.Quiz */insert 
    into
        quiz (created_date, description, like_count, password, play_time, title) 
    values
        (?, ?, ?, ?, ?, ?)
2023-12-27T23:05:55.992+09:00 DEBUG 42655 --- [    Test worker] org.hibernate.SQL                        : 
    /* select
        quiz.id,
        quiz.title,
        quiz.description,
        quizThumbnail.filePath 
    from
        Quiz quiz   
    left join
        quiz.thumbnail as quizThumbnail 
    where
        quiz.title like ?1 escape '!' 
    order by
        quiz.createdDate desc */ select
            q1_0.quiz_id,
            q1_0.title,
            q1_0.description,
            t1_0.file_path 
        from
            quiz q1_0 
        left join
            quiz_thumbnail t1_0 
                on q1_0.quiz_id=t1_0.quiz_id 
        where
            q1_0.title like ? escape '!' 
        order by
            q1_0.created_date desc 
        limit
            ?, ?
2023-12-27T23:05:56.003+09:00 DEBUG 42655 --- [    Test worker] org.hibernate.SQL                        : 
    /* select
        count(quiz) 
    from
        Quiz quiz 
    where
        quiz.title like ?1 escape '!' */ select
            count(q1_0.quiz_id) 
        from
            quiz q1_0 
        where
            q1_0.title like ? escape '!'
2023-12-27T23:05:56.013+09:00 DEBUG 42655 --- [    Test worker] org.hibernate.SQL                        : 
    /* select
        quiz.id,
        quiz.title,
        quiz.description,
        quizThumbnail.filePath 
    from
        Quiz quiz   
    left join
        quiz.thumbnail as quizThumbnail 
    where
        quiz.title like ?1 escape '!' 
    order by
        quiz.createdDate asc */ select
            q1_0.quiz_id,
            q1_0.title,
            q1_0.description,
            t1_0.file_path 
        from
            quiz q1_0 
        left join
            quiz_thumbnail t1_0 
                on q1_0.quiz_id=t1_0.quiz_id 
        where
            q1_0.title like ? escape '!' 
        order by
            q1_0.created_date 
        limit
            ?, ?
2023-12-27T23:05:56.023+09:00 DEBUG 42655 --- [    Test worker] org.hibernate.SQL                        : 
    /* select
        count(quiz) 
    from
        Quiz quiz 
    where
        quiz.title like ?1 escape '!' */ select
            count(q1_0.quiz_id) 
        from
            quiz q1_0 
        where
            q1_0.title like ? escape '!'
]]></system-out>
  <system-err><![CDATA[]]></system-err>
</testsuite>
