<?xml version="1.0" encoding="UTF-8"?>
<testsuite name="mangmae.harpseal.domain.quiz.repository.QuizRepositoryImplTest" tests="2" skipped="0" failures="0" errors="0" timestamp="2023-12-26T21:10:03" hostname="Jaehoonui-MacBookAir.local" time="0.261">
  <properties/>
  <testcase name="플레이 횟수를 기준으로 검색" classname="mangmae.harpseal.domain.quiz.repository.QuizRepositoryImplTest" time="0.147"/>
  <testcase name="퀴즈 생성시간을 기준으로 검색" classname="mangmae.harpseal.domain.quiz.repository.QuizRepositoryImplTest" time="0.114"/>
  <system-out><![CDATA[2023-12-27T06:10:03.397+09:00  INFO 17062 --- [    Test worker] t.c.s.AnnotationConfigContextLoaderUtils : Could not detect default configuration classes for test class [mangmae.harpseal.domain.quiz.repository.QuizRepositoryImplTest]: QuizRepositoryImplTest does not declare any static, non-private, non-final, nested classes annotated with @Configuration.
2023-12-27T06:10:03.404+09:00  INFO 17062 --- [    Test worker] .b.t.c.SpringBootTestContextBootstrapper : Found @SpringBootConfiguration mangmae.harpseal.HarpsealApplication for test class mangmae.harpseal.domain.quiz.repository.QuizRepositoryImplTest
2023-12-27T06:10:03.425+09:00  INFO 17062 --- [    Test worker] m.h.d.q.r.QuizRepositoryImplTest         : quiz1=Quiz(title=5c1e9f8bquiz1, description=quiz1 description, password=12345, likeCount=0, playTime=1)
2023-12-27T06:10:03.426+09:00  INFO 17062 --- [    Test worker] m.h.d.q.r.QuizRepositoryImplTest         : quiz2=Quiz(title=5c1e9f8bquiz2, description=quiz2 description, password=12345, likeCount=0, playTime=2)
2023-12-27T06:10:03.427+09:00  INFO 17062 --- [    Test worker] m.h.d.q.r.QuizRepositoryImplTest         : quiz3=Quiz(title=5c1e9f8bquiz3, description=quiz3 description, password=12345, likeCount=0, playTime=3)
2023-12-27T06:10:03.427+09:00  INFO 17062 --- [    Test worker] m.h.d.q.r.QuizRepositoryImplTest         : quiz4=Quiz(title=5c1e9f8bquiz4, description=quiz4 description, password=12345, likeCount=0, playTime=4)
2023-12-27T06:10:03.428+09:00 DEBUG 17062 --- [    Test worker] org.hibernate.SQL                        : 
    /* insert for
        mangmae.harpseal.global.entity.Quiz */insert 
    into
        quiz (created_date, description, like_count, password, play_time, title) 
    values
        (?, ?, ?, ?, ?, ?)
2023-12-27T06:10:03.438+09:00 DEBUG 17062 --- [    Test worker] org.hibernate.SQL                        : 
    /* insert for
        mangmae.harpseal.global.entity.Quiz */insert 
    into
        quiz (created_date, description, like_count, password, play_time, title) 
    values
        (?, ?, ?, ?, ?, ?)
2023-12-27T06:10:03.448+09:00 DEBUG 17062 --- [    Test worker] org.hibernate.SQL                        : 
    /* insert for
        mangmae.harpseal.global.entity.Quiz */insert 
    into
        quiz (created_date, description, like_count, password, play_time, title) 
    values
        (?, ?, ?, ?, ?, ?)
2023-12-27T06:10:03.457+09:00 DEBUG 17062 --- [    Test worker] org.hibernate.SQL                        : 
    /* insert for
        mangmae.harpseal.global.entity.Quiz */insert 
    into
        quiz (created_date, description, like_count, password, play_time, title) 
    values
        (?, ?, ?, ?, ?, ?)
2023-12-27T06:10:03.473+09:00 DEBUG 17062 --- [    Test worker] org.hibernate.SQL                        : 
    /* select
        quiz.id,
        quiz.title,
        quiz.description,
        quizThumbnail.filePath 
    from
        Quiz quiz   
    left join
        quiz.thumbnail as quizThumbnail 
    where
        quiz.title like ?1 escape '!' 
    order by
        quiz.playTime desc */ select
            q1_0.quiz_id,
            q1_0.title,
            q1_0.description,
            t1_0.file_path 
        from
            quiz q1_0 
        left join
            quiz_thumbnail t1_0 
                on q1_0.quiz_id=t1_0.quiz_id 
        where
            q1_0.title like ? escape '!' 
        order by
            q1_0.play_time desc 
        limit
            ?, ?
2023-12-27T06:10:03.487+09:00 DEBUG 17062 --- [    Test worker] org.hibernate.SQL                        : 
    /* select
        count(quiz) 
    from
        Quiz quiz 
    where
        quiz.title like ?1 escape '!' */ select
            count(q1_0.quiz_id) 
        from
            quiz q1_0 
        where
            q1_0.title like ? escape '!'
2023-12-27T06:10:03.507+09:00 DEBUG 17062 --- [    Test worker] org.hibernate.SQL                        : 
    /* select
        quiz.id,
        quiz.title,
        quiz.description,
        quizThumbnail.filePath 
    from
        Quiz quiz   
    left join
        quiz.thumbnail as quizThumbnail 
    where
        quiz.title like ?1 escape '!' 
    order by
        quiz.playTime asc */ select
            q1_0.quiz_id,
            q1_0.title,
            q1_0.description,
            t1_0.file_path 
        from
            quiz q1_0 
        left join
            quiz_thumbnail t1_0 
                on q1_0.quiz_id=t1_0.quiz_id 
        where
            q1_0.title like ? escape '!' 
        order by
            q1_0.play_time 
        limit
            ?, ?
2023-12-27T06:10:03.516+09:00 DEBUG 17062 --- [    Test worker] org.hibernate.SQL                        : 
    /* select
        count(quiz) 
    from
        Quiz quiz 
    where
        quiz.title like ?1 escape '!' */ select
            count(q1_0.quiz_id) 
        from
            quiz q1_0 
        where
            q1_0.title like ? escape '!'
2023-12-27T06:10:03.563+09:00  INFO 17062 --- [    Test worker] m.h.d.q.r.QuizRepositoryImplTest         : quiz1=Quiz(title=5c1e9f8bquiz1, description=quiz1 description, password=12345, likeCount=0, playTime=1)
2023-12-27T06:10:03.563+09:00  INFO 17062 --- [    Test worker] m.h.d.q.r.QuizRepositoryImplTest         : quiz2=Quiz(title=5c1e9f8bquiz2, description=quiz2 description, password=12345, likeCount=0, playTime=2)
2023-12-27T06:10:03.563+09:00  INFO 17062 --- [    Test worker] m.h.d.q.r.QuizRepositoryImplTest         : quiz3=Quiz(title=5c1e9f8bquiz3, description=quiz3 description, password=12345, likeCount=0, playTime=3)
2023-12-27T06:10:03.563+09:00  INFO 17062 --- [    Test worker] m.h.d.q.r.QuizRepositoryImplTest         : quiz4=Quiz(title=5c1e9f8bquiz4, description=quiz4 description, password=12345, likeCount=0, playTime=4)
2023-12-27T06:10:03.564+09:00 DEBUG 17062 --- [    Test worker] org.hibernate.SQL                        : 
    /* insert for
        mangmae.harpseal.global.entity.Quiz */insert 
    into
        quiz (created_date, description, like_count, password, play_time, title) 
    values
        (?, ?, ?, ?, ?, ?)
2023-12-27T06:10:03.574+09:00 DEBUG 17062 --- [    Test worker] org.hibernate.SQL                        : 
    /* insert for
        mangmae.harpseal.global.entity.Quiz */insert 
    into
        quiz (created_date, description, like_count, password, play_time, title) 
    values
        (?, ?, ?, ?, ?, ?)
2023-12-27T06:10:03.583+09:00 DEBUG 17062 --- [    Test worker] org.hibernate.SQL                        : 
    /* insert for
        mangmae.harpseal.global.entity.Quiz */insert 
    into
        quiz (created_date, description, like_count, password, play_time, title) 
    values
        (?, ?, ?, ?, ?, ?)
2023-12-27T06:10:03.593+09:00 DEBUG 17062 --- [    Test worker] org.hibernate.SQL                        : 
    /* insert for
        mangmae.harpseal.global.entity.Quiz */insert 
    into
        quiz (created_date, description, like_count, password, play_time, title) 
    values
        (?, ?, ?, ?, ?, ?)
2023-12-27T06:10:03.605+09:00 DEBUG 17062 --- [    Test worker] org.hibernate.SQL                        : 
    /* select
        quiz.id,
        quiz.title,
        quiz.description,
        quizThumbnail.filePath 
    from
        Quiz quiz   
    left join
        quiz.thumbnail as quizThumbnail 
    where
        quiz.title like ?1 escape '!' 
    order by
        quiz.createdDate desc */ select
            q1_0.quiz_id,
            q1_0.title,
            q1_0.description,
            t1_0.file_path 
        from
            quiz q1_0 
        left join
            quiz_thumbnail t1_0 
                on q1_0.quiz_id=t1_0.quiz_id 
        where
            q1_0.title like ? escape '!' 
        order by
            q1_0.created_date desc 
        limit
            ?, ?
2023-12-27T06:10:03.616+09:00 DEBUG 17062 --- [    Test worker] org.hibernate.SQL                        : 
    /* select
        count(quiz) 
    from
        Quiz quiz 
    where
        quiz.title like ?1 escape '!' */ select
            count(q1_0.quiz_id) 
        from
            quiz q1_0 
        where
            q1_0.title like ? escape '!'
2023-12-27T06:10:03.626+09:00 DEBUG 17062 --- [    Test worker] org.hibernate.SQL                        : 
    /* select
        quiz.id,
        quiz.title,
        quiz.description,
        quizThumbnail.filePath 
    from
        Quiz quiz   
    left join
        quiz.thumbnail as quizThumbnail 
    where
        quiz.title like ?1 escape '!' 
    order by
        quiz.createdDate asc */ select
            q1_0.quiz_id,
            q1_0.title,
            q1_0.description,
            t1_0.file_path 
        from
            quiz q1_0 
        left join
            quiz_thumbnail t1_0 
                on q1_0.quiz_id=t1_0.quiz_id 
        where
            q1_0.title like ? escape '!' 
        order by
            q1_0.created_date 
        limit
            ?, ?
2023-12-27T06:10:03.637+09:00 DEBUG 17062 --- [    Test worker] org.hibernate.SQL                        : 
    /* select
        count(quiz) 
    from
        Quiz quiz 
    where
        quiz.title like ?1 escape '!' */ select
            count(q1_0.quiz_id) 
        from
            quiz q1_0 
        where
            q1_0.title like ? escape '!'
]]></system-out>
  <system-err><![CDATA[]]></system-err>
</testsuite>
