<?xml version="1.0" encoding="UTF-8"?>
<testsuite name="mangmae.harpseal.domain.quiz.repository.QuizRepositoryImplTest" tests="2" skipped="0" failures="0" errors="0" timestamp="2023-12-27T10:57:34" hostname="Jaehoonui-MacBookAir.local" time="0.288">
  <properties/>
  <testcase name="플레이 횟수를 기준으로 검색" classname="mangmae.harpseal.domain.quiz.repository.QuizRepositoryImplTest" time="0.157"/>
  <testcase name="퀴즈 생성시간을 기준으로 검색" classname="mangmae.harpseal.domain.quiz.repository.QuizRepositoryImplTest" time="0.131"/>
  <system-out><![CDATA[2023-12-27T19:57:34.007+09:00  INFO 35325 --- [    Test worker] t.c.s.AnnotationConfigContextLoaderUtils : Could not detect default configuration classes for test class [mangmae.harpseal.domain.quiz.repository.QuizRepositoryImplTest]: QuizRepositoryImplTest does not declare any static, non-private, non-final, nested classes annotated with @Configuration.
2023-12-27T19:57:34.013+09:00  INFO 35325 --- [    Test worker] .b.t.c.SpringBootTestContextBootstrapper : Found @SpringBootConfiguration mangmae.harpseal.HarpsealApplication for test class mangmae.harpseal.domain.quiz.repository.QuizRepositoryImplTest
2023-12-27T19:57:34.034+09:00  INFO 35325 --- [    Test worker] m.h.d.q.r.QuizRepositoryImplTest         : quiz1=Quiz(title=5d0c4f9dquiz1, description=quiz1 description, password=12345, likeCount=0, playTime=1)
2023-12-27T19:57:34.036+09:00  INFO 35325 --- [    Test worker] m.h.d.q.r.QuizRepositoryImplTest         : quiz2=Quiz(title=5d0c4f9dquiz2, description=quiz2 description, password=12345, likeCount=0, playTime=2)
2023-12-27T19:57:34.036+09:00  INFO 35325 --- [    Test worker] m.h.d.q.r.QuizRepositoryImplTest         : quiz3=Quiz(title=5d0c4f9dquiz3, description=quiz3 description, password=12345, likeCount=0, playTime=3)
2023-12-27T19:57:34.036+09:00  INFO 35325 --- [    Test worker] m.h.d.q.r.QuizRepositoryImplTest         : quiz4=Quiz(title=5d0c4f9dquiz4, description=quiz4 description, password=12345, likeCount=0, playTime=4)
2023-12-27T19:57:34.039+09:00 DEBUG 35325 --- [    Test worker] org.hibernate.SQL                        : 
    /* insert for
        mangmae.harpseal.global.entity.Quiz */insert 
    into
        quiz (created_date, description, like_count, password, play_time, title) 
    values
        (?, ?, ?, ?, ?, ?)
2023-12-27T19:57:34.050+09:00 DEBUG 35325 --- [    Test worker] org.hibernate.SQL                        : 
    /* insert for
        mangmae.harpseal.global.entity.Quiz */insert 
    into
        quiz (created_date, description, like_count, password, play_time, title) 
    values
        (?, ?, ?, ?, ?, ?)
2023-12-27T19:57:34.062+09:00 DEBUG 35325 --- [    Test worker] org.hibernate.SQL                        : 
    /* insert for
        mangmae.harpseal.global.entity.Quiz */insert 
    into
        quiz (created_date, description, like_count, password, play_time, title) 
    values
        (?, ?, ?, ?, ?, ?)
2023-12-27T19:57:34.075+09:00 DEBUG 35325 --- [    Test worker] org.hibernate.SQL                        : 
    /* insert for
        mangmae.harpseal.global.entity.Quiz */insert 
    into
        quiz (created_date, description, like_count, password, play_time, title) 
    values
        (?, ?, ?, ?, ?, ?)
2023-12-27T19:57:34.092+09:00 DEBUG 35325 --- [    Test worker] org.hibernate.SQL                        : 
    /* select
        quiz.id,
        quiz.title,
        quiz.description,
        quizThumbnail.filePath 
    from
        Quiz quiz   
    left join
        quiz.thumbnail as quizThumbnail 
    where
        quiz.title like ?1 escape '!' 
    order by
        quiz.playTime desc */ select
            q1_0.quiz_id,
            q1_0.title,
            q1_0.description,
            t1_0.file_path 
        from
            quiz q1_0 
        left join
            quiz_thumbnail t1_0 
                on q1_0.quiz_id=t1_0.quiz_id 
        where
            q1_0.title like ? escape '!' 
        order by
            q1_0.play_time desc 
        limit
            ?, ?
2023-12-27T19:57:34.107+09:00 DEBUG 35325 --- [    Test worker] org.hibernate.SQL                        : 
    /* select
        count(quiz) 
    from
        Quiz quiz 
    where
        quiz.title like ?1 escape '!' */ select
            count(q1_0.quiz_id) 
        from
            quiz q1_0 
        where
            q1_0.title like ? escape '!'
2023-12-27T19:57:34.119+09:00 DEBUG 35325 --- [    Test worker] org.hibernate.SQL                        : 
    /* select
        quiz.id,
        quiz.title,
        quiz.description,
        quizThumbnail.filePath 
    from
        Quiz quiz   
    left join
        quiz.thumbnail as quizThumbnail 
    where
        quiz.title like ?1 escape '!' 
    order by
        quiz.playTime asc */ select
            q1_0.quiz_id,
            q1_0.title,
            q1_0.description,
            t1_0.file_path 
        from
            quiz q1_0 
        left join
            quiz_thumbnail t1_0 
                on q1_0.quiz_id=t1_0.quiz_id 
        where
            q1_0.title like ? escape '!' 
        order by
            q1_0.play_time 
        limit
            ?, ?
2023-12-27T19:57:34.131+09:00 DEBUG 35325 --- [    Test worker] org.hibernate.SQL                        : 
    /* select
        count(quiz) 
    from
        Quiz quiz 
    where
        quiz.title like ?1 escape '!' */ select
            count(q1_0.quiz_id) 
        from
            quiz q1_0 
        where
            q1_0.title like ? escape '!'
2023-12-27T19:57:34.183+09:00  INFO 35325 --- [    Test worker] m.h.d.q.r.QuizRepositoryImplTest         : quiz1=Quiz(title=5d0c4f9dquiz1, description=quiz1 description, password=12345, likeCount=0, playTime=1)
2023-12-27T19:57:34.183+09:00  INFO 35325 --- [    Test worker] m.h.d.q.r.QuizRepositoryImplTest         : quiz2=Quiz(title=5d0c4f9dquiz2, description=quiz2 description, password=12345, likeCount=0, playTime=2)
2023-12-27T19:57:34.183+09:00  INFO 35325 --- [    Test worker] m.h.d.q.r.QuizRepositoryImplTest         : quiz3=Quiz(title=5d0c4f9dquiz3, description=quiz3 description, password=12345, likeCount=0, playTime=3)
2023-12-27T19:57:34.183+09:00  INFO 35325 --- [    Test worker] m.h.d.q.r.QuizRepositoryImplTest         : quiz4=Quiz(title=5d0c4f9dquiz4, description=quiz4 description, password=12345, likeCount=0, playTime=4)
2023-12-27T19:57:34.184+09:00 DEBUG 35325 --- [    Test worker] org.hibernate.SQL                        : 
    /* insert for
        mangmae.harpseal.global.entity.Quiz */insert 
    into
        quiz (created_date, description, like_count, password, play_time, title) 
    values
        (?, ?, ?, ?, ?, ?)
2023-12-27T19:57:34.193+09:00 DEBUG 35325 --- [    Test worker] org.hibernate.SQL                        : 
    /* insert for
        mangmae.harpseal.global.entity.Quiz */insert 
    into
        quiz (created_date, description, like_count, password, play_time, title) 
    values
        (?, ?, ?, ?, ?, ?)
2023-12-27T19:57:34.207+09:00 DEBUG 35325 --- [    Test worker] org.hibernate.SQL                        : 
    /* insert for
        mangmae.harpseal.global.entity.Quiz */insert 
    into
        quiz (created_date, description, like_count, password, play_time, title) 
    values
        (?, ?, ?, ?, ?, ?)
2023-12-27T19:57:34.218+09:00 DEBUG 35325 --- [    Test worker] org.hibernate.SQL                        : 
    /* insert for
        mangmae.harpseal.global.entity.Quiz */insert 
    into
        quiz (created_date, description, like_count, password, play_time, title) 
    values
        (?, ?, ?, ?, ?, ?)
2023-12-27T19:57:34.230+09:00 DEBUG 35325 --- [    Test worker] org.hibernate.SQL                        : 
    /* select
        quiz.id,
        quiz.title,
        quiz.description,
        quizThumbnail.filePath 
    from
        Quiz quiz   
    left join
        quiz.thumbnail as quizThumbnail 
    where
        quiz.title like ?1 escape '!' 
    order by
        quiz.createdDate desc */ select
            q1_0.quiz_id,
            q1_0.title,
            q1_0.description,
            t1_0.file_path 
        from
            quiz q1_0 
        left join
            quiz_thumbnail t1_0 
                on q1_0.quiz_id=t1_0.quiz_id 
        where
            q1_0.title like ? escape '!' 
        order by
            q1_0.created_date desc 
        limit
            ?, ?
2023-12-27T19:57:34.245+09:00 DEBUG 35325 --- [    Test worker] org.hibernate.SQL                        : 
    /* select
        count(quiz) 
    from
        Quiz quiz 
    where
        quiz.title like ?1 escape '!' */ select
            count(q1_0.quiz_id) 
        from
            quiz q1_0 
        where
            q1_0.title like ? escape '!'
2023-12-27T19:57:34.257+09:00 DEBUG 35325 --- [    Test worker] org.hibernate.SQL                        : 
    /* select
        quiz.id,
        quiz.title,
        quiz.description,
        quizThumbnail.filePath 
    from
        Quiz quiz   
    left join
        quiz.thumbnail as quizThumbnail 
    where
        quiz.title like ?1 escape '!' 
    order by
        quiz.createdDate asc */ select
            q1_0.quiz_id,
            q1_0.title,
            q1_0.description,
            t1_0.file_path 
        from
            quiz q1_0 
        left join
            quiz_thumbnail t1_0 
                on q1_0.quiz_id=t1_0.quiz_id 
        where
            q1_0.title like ? escape '!' 
        order by
            q1_0.created_date 
        limit
            ?, ?
2023-12-27T19:57:34.271+09:00 DEBUG 35325 --- [    Test worker] org.hibernate.SQL                        : 
    /* select
        count(quiz) 
    from
        Quiz quiz 
    where
        quiz.title like ?1 escape '!' */ select
            count(q1_0.quiz_id) 
        from
            quiz q1_0 
        where
            q1_0.title like ? escape '!'
]]></system-out>
  <system-err><![CDATA[]]></system-err>
</testsuite>
