<?xml version="1.0" encoding="UTF-8"?>
<testsuite name="mangmae.harpseal.domain.quiz.api.QuizControllerTest" tests="7" skipped="0" failures="0" errors="0" timestamp="2023-12-27T14:05:54" hostname="Jaehoonui-MacBookAir.local" time="1.376">
  <properties/>
  <testcase name="퀴즈 좋아요 증가" classname="mangmae.harpseal.domain.quiz.api.QuizControllerTest" time="0.129"/>
  <testcase name="퀴즈 생성" classname="mangmae.harpseal.domain.quiz.api.QuizControllerTest" time="0.128"/>
  <testcase name="단일 퀴즈 조회 응답테스트" classname="mangmae.harpseal.domain.quiz.api.QuizControllerTest" time="0.417"/>
  <testcase name="createQuestion()" classname="mangmae.harpseal.domain.quiz.api.QuizControllerTest" time="0.199"/>
  <testcase name="퀴즈 목록 조회 테스트" classname="mangmae.harpseal.domain.quiz.api.QuizControllerTest" time="0.264"/>
  <testcase name="퀴즈 수정" classname="mangmae.harpseal.domain.quiz.api.QuizControllerTest" time="0.102"/>
  <testcase name="퀴즈 삭제" classname="mangmae.harpseal.domain.quiz.api.QuizControllerTest" time="0.135"/>
  <system-out><![CDATA[2023-12-27T23:05:53.736+09:00  INFO 42655 --- [    Test worker] t.c.s.AnnotationConfigContextLoaderUtils : Could not detect default configuration classes for test class [mangmae.harpseal.domain.quiz.api.QuizControllerTest]: QuizControllerTest does not declare any static, non-private, non-final, nested classes annotated with @Configuration.
2023-12-27T23:05:53.744+09:00  INFO 42655 --- [    Test worker] .b.t.c.SpringBootTestContextBootstrapper : Found @SpringBootConfiguration mangmae.harpseal.HarpsealApplication for test class mangmae.harpseal.domain.quiz.api.QuizControllerTest

  .   ____          _            __ _ _
 /\\ / ___'_ __ _ _(_)_ __  __ _ \ \ \ \
( ( )\___ | '_ | '_| | '_ \/ _` | \ \ \ \
 \\/  ___)| |_)| | | | | || (_| |  ) ) ) )
  '  |____| .__|_| |_|_| |_\__, | / / / /
 =========|_|==============|___/=/_/_/_/
 :: Spring Boot ::                (v3.2.0)

2023-12-27T23:05:53.754+09:00  INFO 42655 --- [    Test worker] m.h.domain.quiz.api.QuizControllerTest   : Starting QuizControllerTest using Java 17.0.6 with PID 42655 (started by jaehoonso in /Users/jaehoonso/projects/harpseal-backend)
2023-12-27T23:05:53.754+09:00  INFO 42655 --- [    Test worker] m.h.domain.quiz.api.QuizControllerTest   : The following 2 profiles are active: "aws", "test"
2023-12-27T23:05:53.814+09:00  INFO 42655 --- [    Test worker] .s.d.r.c.RepositoryConfigurationDelegate : Bootstrapping Spring Data JPA repositories in DEFAULT mode.
2023-12-27T23:05:53.824+09:00  INFO 42655 --- [    Test worker] .s.d.r.c.RepositoryConfigurationDelegate : Finished Spring Data repository scanning in 9 ms. Found 6 JPA repository interfaces.
2023-12-27T23:05:53.859+09:00  INFO 42655 --- [    Test worker] o.hibernate.jpa.internal.util.LogHelper  : HHH000204: Processing PersistenceUnitInfo [name: default]
2023-12-27T23:05:53.860+09:00  INFO 42655 --- [    Test worker] o.h.c.internal.RegionFactoryInitiator    : HHH000026: Second-level cache disabled
2023-12-27T23:05:53.862+09:00  INFO 42655 --- [    Test worker] o.s.o.j.p.SpringPersistenceUnitInfo      : No LoadTimeWeaver setup: ignoring JPA class transformer
2023-12-27T23:05:53.862+09:00  INFO 42655 --- [    Test worker] com.zaxxer.hikari.HikariDataSource       : HikariPool-3 - Starting...
2023-12-27T23:05:53.974+09:00  INFO 42655 --- [    Test worker] com.zaxxer.hikari.pool.HikariPool        : HikariPool-3 - Added connection com.mysql.cj.jdbc.ConnectionImpl@7e09bee
2023-12-27T23:05:53.975+09:00  INFO 42655 --- [    Test worker] com.zaxxer.hikari.HikariDataSource       : HikariPool-3 - Start completed.
2023-12-27T23:05:54.024+09:00  INFO 42655 --- [    Test worker] o.h.e.t.j.p.i.JtaPlatformInitiator       : HHH000489: No JTA platform available (set 'hibernate.transaction.jta.platform' to enable JTA platform integration)
2023-12-27T23:05:54.272+09:00  INFO 42655 --- [    Test worker] j.LocalContainerEntityManagerFactoryBean : Initialized JPA EntityManagerFactory for persistence unit 'default'
2023-12-27T23:05:54.412+09:00  INFO 42655 --- [    Test worker] o.s.b.t.m.w.SpringBootMockServletContext : Initializing Spring TestDispatcherServlet ''
2023-12-27T23:05:54.412+09:00  INFO 42655 --- [    Test worker] o.s.t.web.servlet.TestDispatcherServlet  : Initializing Servlet ''
2023-12-27T23:05:54.412+09:00  INFO 42655 --- [    Test worker] o.s.t.web.servlet.TestDispatcherServlet  : Completed initialization in 0 ms
2023-12-27T23:05:54.415+09:00  INFO 42655 --- [    Test worker] m.h.domain.quiz.api.QuizControllerTest   : Started QuizControllerTest in 0.669 seconds (process running for 4.841)
2023-12-27T23:05:54.429+09:00 DEBUG 42655 --- [    Test worker] org.hibernate.SQL                        : 
    /* insert for
        mangmae.harpseal.global.entity.Quiz */insert 
    into
        quiz (created_date, description, like_count, password, play_time, title) 
    values
        (?, ?, ?, ?, ?, ?)
2023-12-27T23:05:54.441+09:00 DEBUG 42655 --- [    Test worker] org.hibernate.SQL                        : 
    /* insert for
        mangmae.harpseal.global.entity.MultipleQuestionChoice */insert 
    into
        multiple_question_choice (content, number, question_id) 
    values
        (?, ?, ?)
2023-12-27T23:05:54.450+09:00 DEBUG 42655 --- [    Test worker] org.hibernate.SQL                        : 
    /* insert for
        mangmae.harpseal.global.entity.MultipleQuestionChoice */insert 
    into
        multiple_question_choice (content, number, question_id) 
    values
        (?, ?, ?)
2023-12-27T23:05:54.460+09:00 DEBUG 42655 --- [    Test worker] org.hibernate.SQL                        : 
    /* insert for
        mangmae.harpseal.global.entity.MultipleQuestionChoice */insert 
    into
        multiple_question_choice (content, number, question_id) 
    values
        (?, ?, ?)
2023-12-27T23:05:54.473+09:00 DEBUG 42655 --- [    Test worker] org.hibernate.SQL                        : 
    /* insert for
        mangmae.harpseal.global.entity.MultipleQuestionChoice */insert 
    into
        multiple_question_choice (content, number, question_id) 
    values
        (?, ?, ?)
2023-12-27T23:05:54.484+09:00 DEBUG 42655 --- [    Test worker] org.hibernate.SQL                        : 
    /* insert for
        mangmae.harpseal.global.entity.MultipleQuestionChoice */insert 
    into
        multiple_question_choice (content, number, question_id) 
    values
        (?, ?, ?)
2023-12-27T23:05:54.494+09:00 DEBUG 42655 --- [    Test worker] org.hibernate.SQL                        : 
    /* insert for
        mangmae.harpseal.global.entity.Question */insert 
    into
        question (answer, content, number, question_type, quiz_id) 
    values
        (?, ?, ?, ?, ?)
2023-12-27T23:05:54.557+09:00 DEBUG 42655 --- [    Test worker] org.hibernate.SQL                        : 
    /* insert for
        mangmae.harpseal.global.entity.Quiz */insert 
    into
        quiz (created_date, description, like_count, password, play_time, title) 
    values
        (?, ?, ?, ?, ?, ?)
2023-12-27T23:05:54.566+09:00 DEBUG 42655 --- [    Test worker] org.hibernate.SQL                        : 
    /* insert for
        mangmae.harpseal.global.entity.MultipleQuestionChoice */insert 
    into
        multiple_question_choice (content, number, question_id) 
    values
        (?, ?, ?)
2023-12-27T23:05:54.576+09:00 DEBUG 42655 --- [    Test worker] org.hibernate.SQL                        : 
    /* insert for
        mangmae.harpseal.global.entity.MultipleQuestionChoice */insert 
    into
        multiple_question_choice (content, number, question_id) 
    values
        (?, ?, ?)
2023-12-27T23:05:54.587+09:00 DEBUG 42655 --- [    Test worker] org.hibernate.SQL                        : 
    /* insert for
        mangmae.harpseal.global.entity.MultipleQuestionChoice */insert 
    into
        multiple_question_choice (content, number, question_id) 
    values
        (?, ?, ?)
2023-12-27T23:05:54.599+09:00 DEBUG 42655 --- [    Test worker] org.hibernate.SQL                        : 
    /* insert for
        mangmae.harpseal.global.entity.MultipleQuestionChoice */insert 
    into
        multiple_question_choice (content, number, question_id) 
    values
        (?, ?, ?)
2023-12-27T23:05:54.609+09:00 DEBUG 42655 --- [    Test worker] org.hibernate.SQL                        : 
    /* insert for
        mangmae.harpseal.global.entity.MultipleQuestionChoice */insert 
    into
        multiple_question_choice (content, number, question_id) 
    values
        (?, ?, ?)
2023-12-27T23:05:54.618+09:00 DEBUG 42655 --- [    Test worker] org.hibernate.SQL                        : 
    /* insert for
        mangmae.harpseal.global.entity.Question */insert 
    into
        question (answer, content, number, question_type, quiz_id) 
    values
        (?, ?, ?, ?, ?)
2023-12-27T23:05:54.633+09:00 DEBUG 42655 --- [    Test worker] org.hibernate.SQL                        : 
    /* insert for
        mangmae.harpseal.global.entity.Quiz */insert 
    into
        quiz (created_date, description, like_count, password, play_time, title) 
    values
        (?, ?, ?, ?, ?, ?)

MockHttpServletRequest:
      HTTP Method = POST
      Request URI = /api/v1/quiz/new
       Parameters = {}
          Headers = [Content-Type:"multipart/form-data;charset=UTF-8", Accept:"application/json, image/png, image/jpeg"]
             Body = null
    Session Attrs = {}

Handler:
             Type = mangmae.harpseal.domain.quiz.api.QuizController
           Method = mangmae.harpseal.domain.quiz.api.QuizController#createQuiz(QuizCreateRequestForm, MultipartFile)

Async:
    Async started = false
     Async result = null

Resolved Exception:
             Type = null

ModelAndView:
        View name = null
             View = null
            Model = null

FlashMap:
       Attributes = null

MockHttpServletResponse:
           Status = 201
    Error message = null
          Headers = [Vary:"Origin", "Access-Control-Request-Method", "Access-Control-Request-Headers", Location:"/api/v1/quiz/172"]
     Content type = null
             Body = 
    Forwarded URL = null
   Redirected URL = /api/v1/quiz/172
          Cookies = []
2023-12-27T23:05:54.683+09:00 DEBUG 42655 --- [    Test worker] org.hibernate.SQL                        : 
    /* insert for
        mangmae.harpseal.global.entity.Quiz */insert 
    into
        quiz (created_date, description, like_count, password, play_time, title) 
    values
        (?, ?, ?, ?, ?, ?)
2023-12-27T23:05:54.693+09:00 DEBUG 42655 --- [    Test worker] org.hibernate.SQL                        : 
    /* insert for
        mangmae.harpseal.global.entity.MultipleQuestionChoice */insert 
    into
        multiple_question_choice (content, number, question_id) 
    values
        (?, ?, ?)
2023-12-27T23:05:54.703+09:00 DEBUG 42655 --- [    Test worker] org.hibernate.SQL                        : 
    /* insert for
        mangmae.harpseal.global.entity.MultipleQuestionChoice */insert 
    into
        multiple_question_choice (content, number, question_id) 
    values
        (?, ?, ?)
2023-12-27T23:05:54.711+09:00 DEBUG 42655 --- [    Test worker] org.hibernate.SQL                        : 
    /* insert for
        mangmae.harpseal.global.entity.MultipleQuestionChoice */insert 
    into
        multiple_question_choice (content, number, question_id) 
    values
        (?, ?, ?)
2023-12-27T23:05:54.721+09:00 DEBUG 42655 --- [    Test worker] org.hibernate.SQL                        : 
    /* insert for
        mangmae.harpseal.global.entity.MultipleQuestionChoice */insert 
    into
        multiple_question_choice (content, number, question_id) 
    values
        (?, ?, ?)
2023-12-27T23:05:54.730+09:00 DEBUG 42655 --- [    Test worker] org.hibernate.SQL                        : 
    /* insert for
        mangmae.harpseal.global.entity.MultipleQuestionChoice */insert 
    into
        multiple_question_choice (content, number, question_id) 
    values
        (?, ?, ?)
2023-12-27T23:05:54.741+09:00 DEBUG 42655 --- [    Test worker] org.hibernate.SQL                        : 
    /* insert for
        mangmae.harpseal.global.entity.Question */insert 
    into
        question (answer, content, number, question_type, quiz_id) 
    values
        (?, ?, ?, ?, ?)
2023-12-27T23:05:54.935+09:00 DEBUG 42655 --- [    Test worker] org.hibernate.SQL                        : 
    /* select
        quiz.id,
        quiz.title,
        quiz.description,
        quizThumbnail.filePath as thumbnailPath,
        quiz.likeCount,
        quiz.playTime 
    from
        Quiz quiz   
    left join
        quiz.thumbnail as quizThumbnail 
    where
        quiz.id = ?1 */ select
            q1_0.quiz_id,
            q1_0.title,
            q1_0.description,
            t1_0.file_path,
            q1_0.like_count,
            q1_0.play_time 
        from
            quiz q1_0 
        left join
            quiz_thumbnail t1_0 
                on q1_0.quiz_id=t1_0.quiz_id 
        where
            q1_0.quiz_id=?
2023-12-27T23:05:54.961+09:00 DEBUG 42655 --- [    Test worker] org.hibernate.SQL                        : 
    /* update
        for mangmae.harpseal.global.entity.MultipleQuestionChoice */update multiple_question_choice 
    set
        content=?,
        number=?,
        question_id=? 
    where
        choice_id=?
2023-12-27T23:05:54.971+09:00 DEBUG 42655 --- [    Test worker] org.hibernate.SQL                        : 
    /* update
        for mangmae.harpseal.global.entity.MultipleQuestionChoice */update multiple_question_choice 
    set
        content=?,
        number=?,
        question_id=? 
    where
        choice_id=?
2023-12-27T23:05:54.982+09:00 DEBUG 42655 --- [    Test worker] org.hibernate.SQL                        : 
    /* update
        for mangmae.harpseal.global.entity.MultipleQuestionChoice */update multiple_question_choice 
    set
        content=?,
        number=?,
        question_id=? 
    where
        choice_id=?
2023-12-27T23:05:54.992+09:00 DEBUG 42655 --- [    Test worker] org.hibernate.SQL                        : 
    /* update
        for mangmae.harpseal.global.entity.MultipleQuestionChoice */update multiple_question_choice 
    set
        content=?,
        number=?,
        question_id=? 
    where
        choice_id=?
2023-12-27T23:05:55.002+09:00 DEBUG 42655 --- [    Test worker] org.hibernate.SQL                        : 
    /* update
        for mangmae.harpseal.global.entity.MultipleQuestionChoice */update multiple_question_choice 
    set
        content=?,
        number=?,
        question_id=? 
    where
        choice_id=?
2023-12-27T23:05:55.013+09:00 DEBUG 42655 --- [    Test worker] org.hibernate.SQL                        : 
    /* update
        for mangmae.harpseal.global.entity.Question */update question 
    set
        answer=?,
        content=?,
        number=?,
        question_type=?,
        quiz_id=? 
    where
        question_id=?
2023-12-27T23:05:55.023+09:00 DEBUG 42655 --- [    Test worker] org.hibernate.SQL                        : 
    /* select
        question.id,
        question.content,
        question.number,
        question.answer,
        question.questionType as type,
        question.attachment.filePath 
    from
        Question question   
    left join
        question.attachment as attachment 
    where
        question.quiz.id = ?1 
    order by
        question.number asc */ select
            q1_0.question_id,
            q1_0.content,
            q1_0.number,
            q1_0.answer,
            q1_0.question_type,
            a1_0.file_path 
        from
            question q1_0 
        left join
            attachment a1_0 
                on q1_0.question_id=a1_0.question_id 
        where
            q1_0.quiz_id=? 
        order by
            q1_0.number
2023-12-27T23:05:55.037+09:00 DEBUG 42655 --- [    Test worker] org.hibernate.SQL                        : 
    /* select
        multipleQuestionChoice.question.id as questionId,
        multipleQuestionChoice.number,
        multipleQuestionChoice.content 
    from
        MultipleQuestionChoice multipleQuestionChoice 
    where
        multipleQuestionChoice.question.id = ?1 
    order by
        multipleQuestionChoice.number asc */ select
            mqc1_0.question_id,
            mqc1_0.number,
            mqc1_0.content 
        from
            multiple_question_choice mqc1_0 
        where
            mqc1_0.question_id=? 
        order by
            mqc1_0.number
2023-12-27T23:05:55.104+09:00 DEBUG 42655 --- [    Test worker] org.hibernate.SQL                        : 
    /* insert for
        mangmae.harpseal.global.entity.Quiz */insert 
    into
        quiz (created_date, description, like_count, password, play_time, title) 
    values
        (?, ?, ?, ?, ?, ?)
2023-12-27T23:05:55.115+09:00 DEBUG 42655 --- [    Test worker] org.hibernate.SQL                        : 
    /* insert for
        mangmae.harpseal.global.entity.MultipleQuestionChoice */insert 
    into
        multiple_question_choice (content, number, question_id) 
    values
        (?, ?, ?)
2023-12-27T23:05:55.124+09:00 DEBUG 42655 --- [    Test worker] org.hibernate.SQL                        : 
    /* insert for
        mangmae.harpseal.global.entity.MultipleQuestionChoice */insert 
    into
        multiple_question_choice (content, number, question_id) 
    values
        (?, ?, ?)
2023-12-27T23:05:55.138+09:00 DEBUG 42655 --- [    Test worker] org.hibernate.SQL                        : 
    /* insert for
        mangmae.harpseal.global.entity.MultipleQuestionChoice */insert 
    into
        multiple_question_choice (content, number, question_id) 
    values
        (?, ?, ?)
2023-12-27T23:05:55.149+09:00 DEBUG 42655 --- [    Test worker] org.hibernate.SQL                        : 
    /* insert for
        mangmae.harpseal.global.entity.MultipleQuestionChoice */insert 
    into
        multiple_question_choice (content, number, question_id) 
    values
        (?, ?, ?)
2023-12-27T23:05:55.158+09:00 DEBUG 42655 --- [    Test worker] org.hibernate.SQL                        : 
    /* insert for
        mangmae.harpseal.global.entity.MultipleQuestionChoice */insert 
    into
        multiple_question_choice (content, number, question_id) 
    values
        (?, ?, ?)
2023-12-27T23:05:55.168+09:00 DEBUG 42655 --- [    Test worker] org.hibernate.SQL                        : 
    /* insert for
        mangmae.harpseal.global.entity.Question */insert 
    into
        question (answer, content, number, question_type, quiz_id) 
    values
        (?, ?, ?, ?, ?)
2023-12-27T23:05:55.181+09:00  INFO 42655 --- [    Test worker] m.harpseal.global.util.SecurityUtil      : password1=dd9be1fa, password2=dd9be1fa
2023-12-27T23:05:55.182+09:00 DEBUG 42655 --- [    Test worker] org.hibernate.SQL                        : 
    /* insert for
        mangmae.harpseal.global.entity.Question */insert 
    into
        question (answer, content, number, question_type, quiz_id) 
    values
        (?, ?, ?, ?, ?)
2023-12-27T23:05:55.192+09:00 DEBUG 42655 --- [    Test worker] org.hibernate.SQL                        : 
    /* insert for
        mangmae.harpseal.global.entity.MultipleQuestionChoice */insert 
    into
        multiple_question_choice (content, number, question_id) 
    values
        (?, ?, ?)
2023-12-27T23:05:55.203+09:00 DEBUG 42655 --- [    Test worker] org.hibernate.SQL                        : 
    /* insert for
        mangmae.harpseal.global.entity.MultipleQuestionChoice */insert 
    into
        multiple_question_choice (content, number, question_id) 
    values
        (?, ?, ?)
2023-12-27T23:05:55.213+09:00 DEBUG 42655 --- [    Test worker] org.hibernate.SQL                        : 
    /* insert for
        mangmae.harpseal.global.entity.MultipleQuestionChoice */insert 
    into
        multiple_question_choice (content, number, question_id) 
    values
        (?, ?, ?)
2023-12-27T23:05:55.224+09:00 DEBUG 42655 --- [    Test worker] org.hibernate.SQL                        : 
    /* insert for
        mangmae.harpseal.global.entity.MultipleQuestionChoice */insert 
    into
        multiple_question_choice (content, number, question_id) 
    values
        (?, ?, ?)
2023-12-27T23:05:55.234+09:00 DEBUG 42655 --- [    Test worker] org.hibernate.SQL                        : 
    /* insert for
        mangmae.harpseal.global.entity.MultipleQuestionChoice */insert 
    into
        multiple_question_choice (content, number, question_id) 
    values
        (?, ?, ?)
2023-12-27T23:05:55.244+09:00 DEBUG 42655 --- [    Test worker] org.hibernate.SQL                        : 
    /* insert for
        mangmae.harpseal.global.entity.MultipleQuestionChoice */insert 
    into
        multiple_question_choice (content, number, question_id) 
    values
        (?, ?, ?)
2023-12-27T23:05:55.301+09:00 DEBUG 42655 --- [    Test worker] org.hibernate.SQL                        : 
    /* insert for
        mangmae.harpseal.global.entity.Quiz */insert 
    into
        quiz (created_date, description, like_count, password, play_time, title) 
    values
        (?, ?, ?, ?, ?, ?)
2023-12-27T23:05:55.310+09:00 DEBUG 42655 --- [    Test worker] org.hibernate.SQL                        : 
    /* insert for
        mangmae.harpseal.global.entity.MultipleQuestionChoice */insert 
    into
        multiple_question_choice (content, number, question_id) 
    values
        (?, ?, ?)
2023-12-27T23:05:55.321+09:00 DEBUG 42655 --- [    Test worker] org.hibernate.SQL                        : 
    /* insert for
        mangmae.harpseal.global.entity.MultipleQuestionChoice */insert 
    into
        multiple_question_choice (content, number, question_id) 
    values
        (?, ?, ?)
2023-12-27T23:05:55.331+09:00 DEBUG 42655 --- [    Test worker] org.hibernate.SQL                        : 
    /* insert for
        mangmae.harpseal.global.entity.MultipleQuestionChoice */insert 
    into
        multiple_question_choice (content, number, question_id) 
    values
        (?, ?, ?)
2023-12-27T23:05:55.343+09:00 DEBUG 42655 --- [    Test worker] org.hibernate.SQL                        : 
    /* insert for
        mangmae.harpseal.global.entity.MultipleQuestionChoice */insert 
    into
        multiple_question_choice (content, number, question_id) 
    values
        (?, ?, ?)
2023-12-27T23:05:55.354+09:00 DEBUG 42655 --- [    Test worker] org.hibernate.SQL                        : 
    /* insert for
        mangmae.harpseal.global.entity.MultipleQuestionChoice */insert 
    into
        multiple_question_choice (content, number, question_id) 
    values
        (?, ?, ?)
2023-12-27T23:05:55.364+09:00 DEBUG 42655 --- [    Test worker] org.hibernate.SQL                        : 
    /* insert for
        mangmae.harpseal.global.entity.Question */insert 
    into
        question (answer, content, number, question_type, quiz_id) 
    values
        (?, ?, ?, ?, ?)
2023-12-27T23:05:55.396+09:00 DEBUG 42655 --- [    Test worker] org.hibernate.SQL                        : 
    /* select
        quiz.id,
        quiz.title,
        quiz.description,
        quizThumbnail.filePath 
    from
        Quiz quiz   
    left join
        quiz.thumbnail as quizThumbnail 
    order by
        quiz.playTime asc */ select
            q1_0.quiz_id,
            q1_0.title,
            q1_0.description,
            t1_0.file_path 
        from
            quiz q1_0 
        left join
            quiz_thumbnail t1_0 
                on q1_0.quiz_id=t1_0.quiz_id 
        order by
            q1_0.play_time 
        limit
            ?, ?
2023-12-27T23:05:55.422+09:00 DEBUG 42655 --- [    Test worker] org.hibernate.SQL                        : 
    /* select
        count(quiz) 
    from
        Quiz quiz */ select
            count(q1_0.quiz_id) 
        from
            quiz q1_0
2023-12-27T23:05:55.440+09:00 DEBUG 42655 --- [    Test worker] org.hibernate.SQL                        : 
    /* select
        quiz.id,
        quiz.title,
        quiz.description,
        quizThumbnail.filePath 
    from
        Quiz quiz   
    left join
        quiz.thumbnail as quizThumbnail 
    order by
        quiz.playTime desc */ select
            q1_0.quiz_id,
            q1_0.title,
            q1_0.description,
            t1_0.file_path 
        from
            quiz q1_0 
        left join
            quiz_thumbnail t1_0 
                on q1_0.quiz_id=t1_0.quiz_id 
        order by
            q1_0.play_time desc 
        limit
            ?, ?
2023-12-27T23:05:55.451+09:00 DEBUG 42655 --- [    Test worker] org.hibernate.SQL                        : 
    /* select
        count(quiz) 
    from
        Quiz quiz */ select
            count(q1_0.quiz_id) 
        from
            quiz q1_0
2023-12-27T23:05:55.465+09:00 DEBUG 42655 --- [    Test worker] org.hibernate.SQL                        : 
    /* select
        quiz.id,
        quiz.title,
        quiz.description,
        quizThumbnail.filePath 
    from
        Quiz quiz   
    left join
        quiz.thumbnail as quizThumbnail 
    order by
        quiz.createdDate desc */ select
            q1_0.quiz_id,
            q1_0.title,
            q1_0.description,
            t1_0.file_path 
        from
            quiz q1_0 
        left join
            quiz_thumbnail t1_0 
                on q1_0.quiz_id=t1_0.quiz_id 
        order by
            q1_0.created_date desc 
        limit
            ?, ?
2023-12-27T23:05:55.477+09:00 DEBUG 42655 --- [    Test worker] org.hibernate.SQL                        : 
    /* select
        count(quiz) 
    from
        Quiz quiz */ select
            count(q1_0.quiz_id) 
        from
            quiz q1_0
2023-12-27T23:05:55.489+09:00 DEBUG 42655 --- [    Test worker] org.hibernate.SQL                        : 
    /* select
        quiz.id,
        quiz.title,
        quiz.description,
        quizThumbnail.filePath 
    from
        Quiz quiz   
    left join
        quiz.thumbnail as quizThumbnail 
    order by
        quiz.createdDate asc */ select
            q1_0.quiz_id,
            q1_0.title,
            q1_0.description,
            t1_0.file_path 
        from
            quiz q1_0 
        left join
            quiz_thumbnail t1_0 
                on q1_0.quiz_id=t1_0.quiz_id 
        order by
            q1_0.created_date 
        limit
            ?, ?
2023-12-27T23:05:55.502+09:00 DEBUG 42655 --- [    Test worker] org.hibernate.SQL                        : 
    /* select
        count(quiz) 
    from
        Quiz quiz */ select
            count(q1_0.quiz_id) 
        from
            quiz q1_0

MockHttpServletRequest:
      HTTP Method = GET
      Request URI = /api/v1/quiz
       Parameters = {page=[0], size=[2]}
          Headers = [Content-Type:"application/json;charset=UTF-8", Content-Length:"34"]
             Body = {"title":null,"searchType":"NONE"}
    Session Attrs = {}

Handler:
             Type = mangmae.harpseal.domain.quiz.api.QuizController
           Method = mangmae.harpseal.domain.quiz.api.QuizController#quizList(QuizSearchRequestCond, Pageable)

Async:
    Async started = false
     Async result = null

Resolved Exception:
             Type = null

ModelAndView:
        View name = null
             View = null
            Model = null

FlashMap:
       Attributes = null

MockHttpServletResponse:
           Status = 200
    Error message = null
          Headers = [Vary:"Origin", "Access-Control-Request-Method", "Access-Control-Request-Headers", Content-Type:"application/json"]
     Content type = application/json
             Body = {"content":[{"id":1,"title":"init quiz 1","description":"this is init quiz1","imageData":null},{"id":2,"title":"init quiz 2","description":"this is init quiz2","imageData":null}],"pageable":{"pageNumber":0,"pageSize":2,"sort":{"empty":true,"sorted":false,"unsorted":true},"offset":0,"paged":true,"unpaged":false},"last":false,"totalPages":3,"totalElements":5,"first":true,"size":2,"number":0,"sort":{"empty":true,"sorted":false,"unsorted":true},"numberOfElements":2,"empty":false}
    Forwarded URL = null
   Redirected URL = null
          Cookies = []
2023-12-27T23:05:55.566+09:00 DEBUG 42655 --- [    Test worker] org.hibernate.SQL                        : 
    /* insert for
        mangmae.harpseal.global.entity.Quiz */insert 
    into
        quiz (created_date, description, like_count, password, play_time, title) 
    values
        (?, ?, ?, ?, ?, ?)
2023-12-27T23:05:55.576+09:00 DEBUG 42655 --- [    Test worker] org.hibernate.SQL                        : 
    /* insert for
        mangmae.harpseal.global.entity.MultipleQuestionChoice */insert 
    into
        multiple_question_choice (content, number, question_id) 
    values
        (?, ?, ?)
2023-12-27T23:05:55.586+09:00 DEBUG 42655 --- [    Test worker] org.hibernate.SQL                        : 
    /* insert for
        mangmae.harpseal.global.entity.MultipleQuestionChoice */insert 
    into
        multiple_question_choice (content, number, question_id) 
    values
        (?, ?, ?)
2023-12-27T23:05:55.595+09:00 DEBUG 42655 --- [    Test worker] org.hibernate.SQL                        : 
    /* insert for
        mangmae.harpseal.global.entity.MultipleQuestionChoice */insert 
    into
        multiple_question_choice (content, number, question_id) 
    values
        (?, ?, ?)
2023-12-27T23:05:55.606+09:00 DEBUG 42655 --- [    Test worker] org.hibernate.SQL                        : 
    /* insert for
        mangmae.harpseal.global.entity.MultipleQuestionChoice */insert 
    into
        multiple_question_choice (content, number, question_id) 
    values
        (?, ?, ?)
2023-12-27T23:05:55.617+09:00 DEBUG 42655 --- [    Test worker] org.hibernate.SQL                        : 
    /* insert for
        mangmae.harpseal.global.entity.MultipleQuestionChoice */insert 
    into
        multiple_question_choice (content, number, question_id) 
    values
        (?, ?, ?)
2023-12-27T23:05:55.626+09:00 DEBUG 42655 --- [    Test worker] org.hibernate.SQL                        : 
    /* insert for
        mangmae.harpseal.global.entity.Question */insert 
    into
        question (answer, content, number, question_type, quiz_id) 
    values
        (?, ?, ?, ?, ?)
2023-12-27T23:05:55.671+09:00 DEBUG 42655 --- [    Test worker] org.hibernate.SQL                        : 
    /* insert for
        mangmae.harpseal.global.entity.Quiz */insert 
    into
        quiz (created_date, description, like_count, password, play_time, title) 
    values
        (?, ?, ?, ?, ?, ?)
2023-12-27T23:05:55.684+09:00 DEBUG 42655 --- [    Test worker] org.hibernate.SQL                        : 
    /* insert for
        mangmae.harpseal.global.entity.MultipleQuestionChoice */insert 
    into
        multiple_question_choice (content, number, question_id) 
    values
        (?, ?, ?)
2023-12-27T23:05:55.693+09:00 DEBUG 42655 --- [    Test worker] org.hibernate.SQL                        : 
    /* insert for
        mangmae.harpseal.global.entity.MultipleQuestionChoice */insert 
    into
        multiple_question_choice (content, number, question_id) 
    values
        (?, ?, ?)
2023-12-27T23:05:55.705+09:00 DEBUG 42655 --- [    Test worker] org.hibernate.SQL                        : 
    /* insert for
        mangmae.harpseal.global.entity.MultipleQuestionChoice */insert 
    into
        multiple_question_choice (content, number, question_id) 
    values
        (?, ?, ?)
2023-12-27T23:05:55.716+09:00 DEBUG 42655 --- [    Test worker] org.hibernate.SQL                        : 
    /* insert for
        mangmae.harpseal.global.entity.MultipleQuestionChoice */insert 
    into
        multiple_question_choice (content, number, question_id) 
    values
        (?, ?, ?)
2023-12-27T23:05:55.725+09:00 DEBUG 42655 --- [    Test worker] org.hibernate.SQL                        : 
    /* insert for
        mangmae.harpseal.global.entity.MultipleQuestionChoice */insert 
    into
        multiple_question_choice (content, number, question_id) 
    values
        (?, ?, ?)
2023-12-27T23:05:55.735+09:00 DEBUG 42655 --- [    Test worker] org.hibernate.SQL                        : 
    /* insert for
        mangmae.harpseal.global.entity.Question */insert 
    into
        question (answer, content, number, question_type, quiz_id) 
    values
        (?, ?, ?, ?, ?)
2023-12-27T23:05:55.747+09:00  INFO 42655 --- [    Test worker] m.harpseal.global.util.SecurityUtil      : password1=1cc54258, password2=1cc54258
2023-12-27T23:05:55.754+09:00 DEBUG 42655 --- [    Test worker] org.hibernate.SQL                        : 
    /* delete 
    from
        Quiz quiz 
    where
        quiz.id = ?1 */ delete 
    from
        quiz 
    where
        quiz_id=?
]]></system-out>
  <system-err><![CDATA[]]></system-err>
</testsuite>
