<?xml version="1.0" encoding="UTF-8"?>
<testsuite name="mangmae.harpseal.util.StringTest" tests="1" skipped="0" failures="0" errors="0" timestamp="2023-12-27T14:05:56" hostname="Jaehoonui-MacBookAir.local" time="0.0">
  <properties/>
  <testcase name="stringFormatTest()" classname="mangmae.harpseal.util.StringTest" time="0.0"/>
  <system-out><![CDATA[]]></system-out>
  <system-err><![CDATA[]]></system-err>
</testsuite>
